/usr/sbin/mysqld, Version: 10.3.29-MariaDB-0+deb10u1-log (Debian 10). started with:
Tcp port: 3306  Unix socket: (null)
Time		    Id Command	Argument
210719 14:23:56	     8 Connect	root@localhost as anonymous on 
		     8 Quit	
		     9 Connect	root@localhost as anonymous on 
		     9 Quit	
		    10 Connect	root@localhost as anonymous on mysql
		    10 Query	SET SQL_LOG_BIN=0, WSREP_ON=OFF
		    10 Query	show variables like 'datadir'
		    10 Quit	
		    11 Connect	root@localhost as anonymous on mysql
		    11 Query	SET SQL_LOG_BIN=0, WSREP_ON=OFF
		    11 Query	show variables like 'version'
		    11 Quit	
		    12 Connect	root@localhost as anonymous on mysql
		    12 Query	SET SQL_LOG_BIN=0, WSREP_ON=OFF
		    12 Query	show create table mysql.event
		    12 Quit	
		    13 Connect	root@localhost as anonymous on 
		    13 Query	SET WSREP_ON=0
		    13 Query	SET SQL_LOG_BIN=0
		    13 Init DB	mysql
		    13 Query	SHOW /*!50002 FULL*/ TABLES
		    13 Query	CHECK TABLE `column_stats`  FOR UPGRADE
		    13 Query	CHECK TABLE `columns_priv`  FOR UPGRADE
		    13 Query	CHECK TABLE `db`  FOR UPGRADE
		    13 Query	CHECK TABLE `event`  FOR UPGRADE
		    13 Query	CHECK TABLE `func`  FOR UPGRADE
		    13 Query	CHECK TABLE `gtid_slave_pos`  FOR UPGRADE
		    13 Query	CHECK TABLE `help_category`  FOR UPGRADE
		    13 Query	CHECK TABLE `help_keyword`  FOR UPGRADE
		    13 Query	CHECK TABLE `help_relation`  FOR UPGRADE
		    13 Query	CHECK TABLE `help_topic`  FOR UPGRADE
		    13 Query	CHECK TABLE `host`  FOR UPGRADE
		    13 Query	CHECK TABLE `index_stats`  FOR UPGRADE
		    13 Query	CHECK TABLE `innodb_index_stats`  FOR UPGRADE
		    13 Query	CHECK TABLE `innodb_table_stats`  FOR UPGRADE
		    13 Query	CHECK TABLE `plugin`  FOR UPGRADE
		    13 Query	CHECK TABLE `proc`  FOR UPGRADE
		    13 Query	CHECK TABLE `procs_priv`  FOR UPGRADE
		    13 Query	CHECK TABLE `proxies_priv`  FOR UPGRADE
		    13 Query	CHECK TABLE `roles_mapping`  FOR UPGRADE
		    13 Query	CHECK TABLE `servers`  FOR UPGRADE
		    13 Query	CHECK TABLE `table_stats`  FOR UPGRADE
		    13 Query	CHECK TABLE `tables_priv`  FOR UPGRADE
		    13 Query	CHECK TABLE `time_zone`  FOR UPGRADE
		    13 Query	CHECK TABLE `time_zone_leap_second`  FOR UPGRADE
		    13 Query	CHECK TABLE `time_zone_name`  FOR UPGRADE
		    13 Query	CHECK TABLE `time_zone_transition`  FOR UPGRADE
		    13 Query	CHECK TABLE `time_zone_transition_type`  FOR UPGRADE
		    13 Query	CHECK TABLE `transaction_registry`  FOR UPGRADE
		    13 Query	CHECK TABLE `user`  FOR UPGRADE
		    13 Quit	
		    14 Connect	root@localhost as anonymous on mysql
		    14 Query	SET SQL_LOG_BIN=0, WSREP_ON=OFF
		    14 Query	show create table mysql.user
		    14 Quit	
		    15 Connect	root@localhost as anonymous on 
		    15 Query	SET WSREP_ON=0
		    15 Query	SET SQL_LOG_BIN=0
		    15 Query	SHOW DATABASES
		    15 Init DB	mysql
		    15 Query	SHOW /*!50002 FULL*/ TABLES
		    15 Quit	
		    16 Connect	root@localhost as anonymous on mysql
		    16 Query	SET SQL_LOG_BIN=0, WSREP_ON=OFF
		    16 Query	set sql_mode=''
		    16 Query	set @orig_storage_engine=@@storage_engine
		    16 Query	set storage_engine=myisam
		    16 Query	set system_versioning_alter_history=keep
		    16 Query	set @have_innodb= (select count(engine) from information_schema.engines where engine='INNODB' and support != 'NO')
		    16 Query	SET @innodb_or_myisam=IF(@have_innodb <> 0, 'InnoDB', 'MyISAM')
		    16 Query	CREATE TABLE IF NOT EXISTS db (   Host char(60) binary DEFAULT '' NOT NULL, Db char(64) binary DEFAULT '' NOT NULL, User char(80) binary DEFAULT '' NOT NULL, Select_priv enum('N','Y') COLLATE utf8_general_ci DEFAULT 'N' NOT NULL, Insert_priv enum('N','Y') COLLATE utf8_general_ci DEFAULT 'N' NOT NULL, Update_priv enum('N','Y') COLLATE utf8_general_ci DEFAULT 'N' NOT NULL, Delete_priv enum('N','Y') COLLATE utf8_general_ci DEFAULT 'N' NOT NULL, Create_priv enum('N','Y') COLLATE utf8_general_ci DEFAULT 'N' NOT NULL, Drop_priv enum('N','Y') COLLATE utf8_general_ci DEFAULT 'N' NOT NULL, Grant_priv enum('N','Y') COLLATE utf8_general_ci DEFAULT 'N' NOT NULL, References_priv enum('N','Y') COLLATE utf8_general_ci DEFAULT 'N' NOT NULL, Index_priv enum('N','Y') COLLATE utf8_general_ci DEFAULT 'N' NOT NULL, Alter_priv enum('N','Y') COLLATE utf8_general_ci DEFAULT 'N' NOT NULL, Create_tmp_table_priv enum('N','Y') COLLATE utf8_general_ci DEFAULT 'N' NOT NULL, Lock_tables_priv enum('N','Y') COLLATE utf8_general_ci DEFAULT 'N' NOT NULL, Create_view_priv enum('N','Y') COLLATE utf8_general_ci DEFAULT 'N' NOT NULL, Show_view_priv enum('N','Y') COLLATE utf8_general_ci DEFAULT 'N' NOT NULL, Create_routine_priv enum('N','Y') COLLATE utf8_general_ci DEFAULT 'N' NOT NULL, Alter_routine_priv enum('N','Y') COLLATE utf8_general_ci DEFAULT 'N' NOT NULL, Execute_priv enum('N','Y') COLLATE utf8_general_ci DEFAULT 'N' NOT NULL, Event_priv enum('N','Y') COLLATE utf8_general_ci DEFAULT 'N' NOT NULL, Trigger_priv enum('N','Y') COLLATE utf8_general_ci DEFAULT 'N' NOT NULL, Delete_history_priv enum('N','Y') COLLATE utf8_general_ci DEFAULT 'N' NOT NULL, PRIMARY KEY  (Host,Db,User), KEY User (User) ) engine=MyISAM CHARACTER SET utf8 COLLATE utf8_bin comment='Database privileges'
		    16 Query	set @had_db_table= @@warning_count != 0
		    16 Query	CREATE TABLE IF NOT EXISTS host (  Host char(60) binary DEFAULT '' NOT NULL, Db char(64) binary DEFAULT '' NOT NULL, Select_priv enum('N','Y') COLLATE utf8_general_ci DEFAULT 'N' NOT NULL, Insert_priv enum('N','Y') COLLATE utf8_general_ci DEFAULT 'N' NOT NULL, Update_priv enum('N','Y') COLLATE utf8_general_ci DEFAULT 'N' NOT NULL, Delete_priv enum('N','Y') COLLATE utf8_general_ci DEFAULT 'N' NOT NULL, Create_priv enum('N','Y') COLLATE utf8_general_ci DEFAULT 'N' NOT NULL, Drop_priv enum('N','Y') COLLATE utf8_general_ci DEFAULT 'N' NOT NULL, Grant_priv enum('N','Y') COLLATE utf8_general_ci DEFAULT 'N' NOT NULL, References_priv enum('N','Y') COLLATE utf8_general_ci DEFAULT 'N' NOT NULL, Index_priv enum('N','Y') COLLATE utf8_general_ci DEFAULT 'N' NOT NULL, Alter_priv enum('N','Y') COLLATE utf8_general_ci DEFAULT 'N' NOT NULL, Create_tmp_table_priv enum('N','Y') COLLATE utf8_general_ci DEFAULT 'N' NOT NULL, Lock_tables_priv enum('N','Y') COLLATE utf8_general_ci DEFAULT 'N' NOT NULL, Create_view_priv enum('N','Y') COLLATE utf8_general_ci DEFAULT 'N' NOT NULL, Show_view_priv enum('N','Y') COLLATE utf8_general_ci DEFAULT 'N' NOT NULL, Create_routine_priv enum('N','Y') COLLATE utf8_general_ci DEFAULT 'N' NOT NULL, Alter_routine_priv enum('N','Y') COLLATE utf8_general_ci DEFAULT 'N' NOT NULL, Execute_priv enum('N','Y') COLLATE utf8_general_ci DEFAULT 'N' NOT NULL, Trigger_priv enum('N','Y') COLLATE utf8_general_ci DEFAULT 'N' NOT NULL, PRIMARY KEY  (Host,Db) ) engine=MyISAM CHARACTER SET utf8 COLLATE utf8_bin comment='Host privileges;  Merged with database privileges'
		    16 Query	CREATE TABLE IF NOT EXISTS user (   Host char(60) binary DEFAULT '' NOT NULL, User char(80) binary DEFAULT '' NOT NULL, Password char(41) character set latin1 collate latin1_bin DEFAULT '' NOT NULL, Select_priv enum('N','Y') COLLATE utf8_general_ci DEFAULT 'N' NOT NULL, Insert_priv enum('N','Y') COLLATE utf8_general_ci DEFAULT 'N' NOT NULL, Update_priv enum('N','Y') COLLATE utf8_general_ci DEFAULT 'N' NOT NULL, Delete_priv enum('N','Y') COLLATE utf8_general_ci DEFAULT 'N' NOT NULL, Create_priv enum('N','Y') COLLATE utf8_general_ci DEFAULT 'N' NOT NULL, Drop_priv enum('N','Y') COLLATE utf8_general_ci DEFAULT 'N' NOT NULL, Reload_priv enum('N','Y') COLLATE utf8_general_ci DEFAULT 'N' NOT NULL, Shutdown_priv enum('N','Y') COLLATE utf8_general_ci DEFAULT 'N' NOT NULL, Process_priv enum('N','Y') COLLATE utf8_general_ci DEFAULT 'N' NOT NULL, File_priv enum('N','Y') COLLATE utf8_general_ci DEFAULT 'N' NOT NULL, Grant_priv enum('N','Y') COLLATE utf8_general_ci DEFAULT 'N' NOT NULL, References_priv enum('N','Y') COLLATE utf8_general_ci DEFAULT 'N' NOT NULL, Index_priv enum('N','Y') COLLATE utf8_general_ci DEFAULT 'N' NOT NULL, Alter_priv enum('N','Y') COLLATE utf8_general_ci DEFAULT 'N' NOT NULL, Show_db_priv enum('N','Y') COLLATE utf8_general_ci DEFAULT 'N' NOT NULL, Super_priv enum('N','Y') COLLATE utf8_general_ci DEFAULT 'N' NOT NULL, Create_tmp_table_priv enum('N','Y') COLLATE utf8_general_ci DEFAULT 'N' NOT NULL, Lock_tables_priv enum('N','Y') COLLATE utf8_general_ci DEFAULT 'N' NOT NULL, Execute_priv enum('N','Y') COLLATE utf8_general_ci DEFAULT 'N' NOT NULL, Repl_slave_priv enum('N','Y') COLLATE utf8_general_ci DEFAULT 'N' NOT NULL, Repl_client_priv enum('N','Y') COLLATE utf8_general_ci DEFAULT 'N' NOT NULL, Create_view_priv enum('N','Y') COLLATE utf8_general_ci DEFAULT 'N' NOT NULL, Show_view_priv enum('N','Y') COLLATE utf8_general_ci DEFAULT 'N' NOT NULL, Create_routine_priv enum('N','Y') COLLATE utf8_general_ci DEFAULT 'N' NOT NULL, Alter_routine_priv enum('N','Y') COLLATE utf8_general_ci DEFAULT 'N' NOT NULL, Create_user_priv enum('N','Y') COLLATE utf8_general_ci DEFAULT 'N' NOT NULL, Event_priv enum('N','Y') COLLATE utf8_general_ci DEFAULT 'N' NOT NULL, Trigger_priv enum('N','Y') COLLATE utf8_general_ci DEFAULT 'N' NOT NULL, Create_tablespace_priv enum('N','Y') COLLATE utf8_general_ci DEFAULT 'N' NOT NULL, Delete_history_priv enum('N','Y') COLLATE utf8_general_ci DEFAULT 'N' NOT NULL, ssl_type enum('','ANY','X509', 'SPECIFIED') COLLATE utf8_general_ci DEFAULT '' NOT NULL, ssl_cipher BLOB NOT NULL, x509_issuer BLOB NOT NULL, x509_subject BLOB NOT NULL, max_questions int(11) unsigned DEFAULT 0  NOT NULL, max_updates int(11) unsigned DEFAULT 0  NOT NULL, max_connections int(11) unsigned DEFAULT 0  NOT NULL, max_user_connections int(11) DEFAULT 0  NOT NULL, plugin char(64) CHARACTER SET latin1 DEFAULT '' NOT NULL, authentication_string TEXT NOT NULL, password_expired ENUM('N', 'Y') COLLATE utf8_general_ci DEFAULT 'N' NOT NULL, is_role enum('N', 'Y') COLLATE utf8_general_ci DEFAULT 'N' NOT NULL, default_role char(80) binary DEFAULT '' NOT NULL, max_statement_time decimal(12,6) DEFAULT 0 NOT NULL, PRIMARY KEY  (Host,User) ) engine=MyISAM CHARACTER SET utf8 COLLATE utf8_bin comment='Users and global privileges'
210719 14:23:57	    16 Query	set @had_user_table= @@warning_count != 0
		    16 Query	CREATE TABLE IF NOT EXISTS roles_mapping ( Host char(60) binary DEFAULT '' NOT NULL, User char(80) binary DEFAULT '' NOT NULL, Role char(80) binary DEFAULT '' NOT NULL, Admin_option enum('N','Y') COLLATE utf8_general_ci DEFAULT 'N' NOT NULL, UNIQUE (Host, User, Role)) engine=MyISAM CHARACTER SET utf8 COLLATE utf8_bin comment='Granted roles'
		    16 Query	CREATE TABLE IF NOT EXISTS func (  name char(64) binary DEFAULT '' NOT NULL, ret tinyint(1) DEFAULT '0' NOT NULL, dl char(128) DEFAULT '' NOT NULL, type enum ('function','aggregate') COLLATE utf8_general_ci NOT NULL, PRIMARY KEY (name) ) engine=MyISAM CHARACTER SET utf8 COLLATE utf8_bin   comment='User defined functions'
		    16 Query	CREATE TABLE IF NOT EXISTS plugin ( name varchar(64) DEFAULT '' NOT NULL, dl varchar(128) DEFAULT '' NOT NULL, PRIMARY KEY (name) ) engine=MyISAM CHARACTER SET utf8 COLLATE utf8_general_ci comment='MySQL plugins'
		    16 Query	CREATE TABLE IF NOT EXISTS servers ( Server_name char(64) NOT NULL DEFAULT '', Host varchar(2048) NOT NULL DEFAULT '', Db char(64) NOT NULL DEFAULT '', Username char(80) NOT NULL DEFAULT '', Password char(64) NOT NULL DEFAULT '', Port INT(4) NOT NULL DEFAULT '0', Socket char(64) NOT NULL DEFAULT '', Wrapper char(64) NOT NULL DEFAULT '', Owner varchar(512) NOT NULL DEFAULT '', PRIMARY KEY (Server_name)) CHARACTER SET utf8 comment='MySQL Foreign Servers table'
		    16 Query	CREATE TABLE IF NOT EXISTS tables_priv ( Host char(60) binary DEFAULT '' NOT NULL, Db char(64) binary DEFAULT '' NOT NULL, User char(80) binary DEFAULT '' NOT NULL, Table_name char(64) binary DEFAULT '' NOT NULL, Grantor char(141) DEFAULT '' NOT NULL, Timestamp timestamp NOT NULL DEFAULT CURRENT_TIMESTAMP ON UPDATE CURRENT_TIMESTAMP, Table_priv set('Select','Insert','Update','Delete','Create','Drop','Grant','References','Index','Alter','Create View','Show view','Trigger','Delete versioning rows') COLLATE utf8_general_ci DEFAULT '' NOT NULL, Column_priv set('Select','Insert','Update','References') COLLATE utf8_general_ci DEFAULT '' NOT NULL, PRIMARY KEY (Host,Db,User,Table_name), KEY Grantor (Grantor) ) engine=MyISAM CHARACTER SET utf8 COLLATE utf8_bin   comment='Table privileges'
		    16 Query	CREATE TABLE IF NOT EXISTS columns_priv ( Host char(60) binary DEFAULT '' NOT NULL, Db char(64) binary DEFAULT '' NOT NULL, User char(80) binary DEFAULT '' NOT NULL, Table_name char(64) binary DEFAULT '' NOT NULL, Column_name char(64) binary DEFAULT '' NOT NULL, Timestamp timestamp NOT NULL DEFAULT CURRENT_TIMESTAMP ON UPDATE CURRENT_TIMESTAMP, Column_priv set('Select','Insert','Update','References') COLLATE utf8_general_ci DEFAULT '' NOT NULL, PRIMARY KEY (Host,Db,User,Table_name,Column_name) ) engine=MyISAM CHARACTER SET utf8 COLLATE utf8_bin   comment='Column privileges'
		    16 Query	CREATE TABLE IF NOT EXISTS help_topic ( help_topic_id int unsigned not null, name char(64) not null, help_category_id smallint unsigned not null, description text not null, example text not null, url text not null, primary key (help_topic_id), unique index (name) ) engine=MyISAM CHARACTER SET utf8 comment='help topics'
		    16 Query	CREATE TABLE IF NOT EXISTS help_category ( help_category_id smallint unsigned not null, name  char(64) not null, parent_category_id smallint unsigned null, url text not null, primary key (help_category_id), unique index (name) ) engine=MyISAM CHARACTER SET utf8 comment='help categories'
		    16 Query	CREATE TABLE IF NOT EXISTS help_relation ( help_topic_id int unsigned not null references help_topic, help_keyword_id  int unsigned not null references help_keyword, primary key (help_keyword_id, help_topic_id) ) engine=MyISAM CHARACTER SET utf8 comment='keyword-topic relation'
		    16 Query	CREATE TABLE IF NOT EXISTS help_keyword (   help_keyword_id  int unsigned not null, name char(64) not null, primary key (help_keyword_id), unique index (name) ) engine=MyISAM CHARACTER SET utf8 comment='help keywords'
		    16 Query	CREATE TABLE IF NOT EXISTS time_zone_name (   Name char(64) NOT NULL, Time_zone_id int unsigned NOT NULL, PRIMARY KEY  (Name) ) engine=MyISAM CHARACTER SET utf8   comment='Time zone names'
		    16 Query	CREATE TABLE IF NOT EXISTS time_zone (   Time_zone_id int unsigned NOT NULL auto_increment, Use_leap_seconds enum('Y','N') COLLATE utf8_general_ci DEFAULT 'N' NOT NULL, PRIMARY KEY  (Time_zone_id) ) engine=MyISAM CHARACTER SET utf8   comment='Time zones'
		    16 Query	CREATE TABLE IF NOT EXISTS time_zone_transition (   Time_zone_id int unsigned NOT NULL, Transition_time bigint signed NOT NULL, Transition_type_id int unsigned NOT NULL, PRIMARY KEY  (Time_zone_id, Transition_time) ) engine=MyISAM CHARACTER SET utf8   comment='Time zone transitions'
		    16 Query	CREATE TABLE IF NOT EXISTS time_zone_transition_type (   Time_zone_id int unsigned NOT NULL, Transition_type_id int unsigned NOT NULL, Offset int signed DEFAULT 0 NOT NULL, Is_DST tinyint unsigned DEFAULT 0 NOT NULL, Abbreviation char(8) DEFAULT '' NOT NULL, PRIMARY KEY  (Time_zone_id, Transition_type_id) ) engine=MyISAM CHARACTER SET utf8   comment='Time zone transition types'
		    16 Query	CREATE TABLE IF NOT EXISTS time_zone_leap_second (   Transition_time bigint signed NOT NULL, Correction int signed NOT NULL, PRIMARY KEY  (Transition_time) ) engine=MyISAM CHARACTER SET utf8   comment='Leap seconds information for time zones'
		    16 Query	CREATE TABLE IF NOT EXISTS proc (db char(64) collate utf8_bin DEFAULT '' NOT NULL, name char(64) DEFAULT '' NOT NULL, type enum('FUNCTION','PROCEDURE','PACKAGE','PACKAGE BODY') NOT NULL, specific_name char(64) DEFAULT '' NOT NULL, language enum('SQL') DEFAULT 'SQL' NOT NULL, sql_data_access enum( 'CONTAINS_SQL', 'NO_SQL', 'READS_SQL_DATA', 'MODIFIES_SQL_DATA') DEFAULT 'CONTAINS_SQL' NOT NULL, is_deterministic enum('YES','NO') DEFAULT 'NO' NOT NULL, security_type enum('INVOKER','DEFINER') DEFAULT 'DEFINER' NOT NULL, param_list blob NOT NULL, returns longblob NOT NULL, body longblob NOT NULL, definer char(141) collate utf8_bin DEFAULT '' NOT NULL, created timestamp NOT NULL DEFAULT CURRENT_TIMESTAMP ON UPDATE CURRENT_TIMESTAMP, modified timestamp NOT NULL DEFAULT '0000-00-00 00:00:00', sql_mode set( 'REAL_AS_FLOAT', 'PIPES_AS_CONCAT', 'ANSI_QUOTES', 'IGNORE_SPACE', 'IGNORE_BAD_TABLE_OPTIONS', 'ONLY_FULL_GROUP_BY', 'NO_UNSIGNED_SUBTRACTION', 'NO_DIR_IN_CREATE', 'POSTGRESQL', 'ORACLE', 'MSSQL', 'DB2', 'MAXDB', 'NO_KEY_OPTIONS', 'NO_TABLE_OPTIONS', 'NO_FIELD_OPTIONS', 'MYSQL323', 'MYSQL40', 'ANSI', 'NO_AUTO_VALUE_ON_ZERO', 'NO_BACKSLASH_ESCAPES', 'STRICT_TRANS_TABLES', 'STRICT_ALL_TABLES', 'NO_ZERO_IN_DATE', 'NO_ZERO_DATE', 'INVALID_DATES', 'ERROR_FOR_DIVISION_BY_ZERO', 'TRADITIONAL', 'NO_AUTO_CREATE_USER', 'HIGH_NOT_PRECEDENCE', 'NO_ENGINE_SUBSTITUTION', 'PAD_CHAR_TO_FULL_LENGTH', 'EMPTY_STRING_IS_NULL', 'SIMULTANEOUS_ASSIGNMENT') DEFAULT '' NOT NULL, comment text collate utf8_bin NOT NULL, character_set_client char(32) collate utf8_bin, collation_connection char(32) collate utf8_bin, db_collation char(32) collate utf8_bin, body_utf8 longblob, aggregate enum('NONE', 'GROUP') DEFAULT 'NONE' NOT NULL, PRIMARY KEY (db,name,type)) engine=MyISAM character set utf8 comment='Stored Procedures'
		    16 Query	CREATE TABLE IF NOT EXISTS procs_priv ( Host char(60) binary DEFAULT '' NOT NULL, Db char(64) binary DEFAULT '' NOT NULL, User char(80) binary DEFAULT '' NOT NULL, Routine_name char(64) COLLATE utf8_general_ci DEFAULT '' NOT NULL, Routine_type enum('FUNCTION','PROCEDURE','PACKAGE','PACKAGE BODY') NOT NULL, Grantor char(141) DEFAULT '' NOT NULL, Proc_priv set('Execute','Alter Routine','Grant') COLLATE utf8_general_ci DEFAULT '' NOT NULL, Timestamp timestamp NOT NULL DEFAULT CURRENT_TIMESTAMP ON UPDATE CURRENT_TIMESTAMP, PRIMARY KEY (Host,Db,User,Routine_name,Routine_type), KEY Grantor (Grantor) ) engine=MyISAM CHARACTER SET utf8 COLLATE utf8_bin   comment='Procedure privileges'
		    16 Query	SET @have_csv = (SELECT support FROM information_schema.engines WHERE engine = 'CSV')
		    16 Query	SET @str = IF (@have_csv = 'YES', 'CREATE TABLE IF NOT EXISTS general_log (event_time TIMESTAMP(6) NOT NULL DEFAULT CURRENT_TIMESTAMP ON UPDATE CURRENT_TIMESTAMP, user_host MEDIUMTEXT NOT NULL, thread_id BIGINT(21) UNSIGNED NOT NULL, server_id INTEGER UNSIGNED NOT NULL, command_type VARCHAR(64) NOT NULL, argument MEDIUMTEXT NOT NULL) engine=CSV CHARACTER SET utf8 comment="General log"', 'SET @dummy = 0')
		    16 Query	PREPARE stmt FROM @str
		    16 Prepare	CREATE TABLE IF NOT EXISTS general_log (event_time TIMESTAMP(6) NOT NULL DEFAULT CURRENT_TIMESTAMP ON UPDATE CURRENT_TIMESTAMP, user_host MEDIUMTEXT NOT NULL, thread_id BIGINT(21) UNSIGNED NOT NULL, server_id INTEGER UNSIGNED NOT NULL, command_type VARCHAR(64) NOT NULL, argument MEDIUMTEXT NOT NULL) engine=CSV CHARACTER SET utf8 comment="General log"
		    16 Query	EXECUTE stmt
		    16 Execute	CREATE TABLE IF NOT EXISTS general_log (event_time TIMESTAMP(6) NOT NULL DEFAULT CURRENT_TIMESTAMP ON UPDATE CURRENT_TIMESTAMP, user_host MEDIUMTEXT NOT NULL, thread_id BIGINT(21) UNSIGNED NOT NULL, server_id INTEGER UNSIGNED NOT NULL, command_type VARCHAR(64) NOT NULL, argument MEDIUMTEXT NOT NULL) engine=CSV CHARACTER SET utf8 comment="General log"
		    16 Query	DROP PREPARE stmt
		    16 Query	SET @str = IF (@have_csv = 'YES', 'CREATE TABLE IF NOT EXISTS slow_log (start_time TIMESTAMP(6) NOT NULL DEFAULT CURRENT_TIMESTAMP ON UPDATE CURRENT_TIMESTAMP, user_host MEDIUMTEXT NOT NULL, query_time TIME(6) NOT NULL, lock_time TIME(6) NOT NULL, rows_sent INTEGER NOT NULL, rows_examined INTEGER NOT NULL, db VARCHAR(512) NOT NULL, last_insert_id INTEGER NOT NULL, insert_id INTEGER NOT NULL, server_id INTEGER UNSIGNED NOT NULL, sql_text MEDIUMTEXT NOT NULL, thread_id BIGINT(21) UNSIGNED NOT NULL, rows_affected INTEGER NOT NULL) engine=CSV CHARACTER SET utf8 comment="Slow log"', 'SET @dummy = 0')
		    16 Query	PREPARE stmt FROM @str
		    16 Prepare	CREATE TABLE IF NOT EXISTS slow_log (start_time TIMESTAMP(6) NOT NULL DEFAULT CURRENT_TIMESTAMP ON UPDATE CURRENT_TIMESTAMP, user_host MEDIUMTEXT NOT NULL, query_time TIME(6) NOT NULL, lock_time TIME(6) NOT NULL, rows_sent INTEGER NOT NULL, rows_examined INTEGER NOT NULL, db VARCHAR(512) NOT NULL, last_insert_id INTEGER NOT NULL, insert_id INTEGER NOT NULL, server_id INTEGER UNSIGNED NOT NULL, sql_text MEDIUMTEXT NOT NULL, thread_id BIGINT(21) UNSIGNED NOT NULL, rows_affected INTEGER NOT NULL) engine=CSV CHARACTER SET utf8 comment="Slow log"
		    16 Query	EXECUTE stmt
		    16 Execute	CREATE TABLE IF NOT EXISTS slow_log (start_time TIMESTAMP(6) NOT NULL DEFAULT CURRENT_TIMESTAMP ON UPDATE CURRENT_TIMESTAMP, user_host MEDIUMTEXT NOT NULL, query_time TIME(6) NOT NULL, lock_time TIME(6) NOT NULL, rows_sent INTEGER NOT NULL, rows_examined INTEGER NOT NULL, db VARCHAR(512) NOT NULL, last_insert_id INTEGER NOT NULL, insert_id INTEGER NOT NULL, server_id INTEGER UNSIGNED NOT NULL, sql_text MEDIUMTEXT NOT NULL, thread_id BIGINT(21) UNSIGNED NOT NULL, rows_affected INTEGER NOT NULL) engine=CSV CHARACTER SET utf8 comment="Slow log"
		    16 Query	DROP PREPARE stmt
		    16 Query	CREATE TABLE IF NOT EXISTS event ( db char(64) CHARACTER SET utf8 COLLATE utf8_bin NOT NULL default '', name char(64) CHARACTER SET utf8 NOT NULL default '', body longblob NOT NULL, definer char(141) CHARACTER SET utf8 COLLATE utf8_bin NOT NULL default '', execute_at DATETIME default NULL, interval_value int(11) default NULL, interval_field ENUM('YEAR','QUARTER','MONTH','DAY','HOUR','MINUTE','WEEK','SECOND','MICROSECOND','YEAR_MONTH','DAY_HOUR','DAY_MINUTE','DAY_SECOND','HOUR_MINUTE','HOUR_SECOND','MINUTE_SECOND','DAY_MICROSECOND','HOUR_MICROSECOND','MINUTE_MICROSECOND','SECOND_MICROSECOND') default NULL, created TIMESTAMP NOT NULL DEFAULT CURRENT_TIMESTAMP ON UPDATE CURRENT_TIMESTAMP, modified TIMESTAMP NOT NULL DEFAULT '0000-00-00 00:00:00', last_executed DATETIME default NULL, starts DATETIME default NULL, ends DATETIME default NULL, status ENUM('ENABLED','DISABLED','SLAVESIDE_DISABLED') NOT NULL default 'ENABLED', on_completion ENUM('DROP','PRESERVE') NOT NULL default 'DROP', sql_mode  set('REAL_AS_FLOAT','PIPES_AS_CONCAT','ANSI_QUOTES','IGNORE_SPACE','IGNORE_BAD_TABLE_OPTIONS','ONLY_FULL_GROUP_BY','NO_UNSIGNED_SUBTRACTION','NO_DIR_IN_CREATE','POSTGRESQL','ORACLE','MSSQL','DB2','MAXDB','NO_KEY_OPTIONS','NO_TABLE_OPTIONS','NO_FIELD_OPTIONS','MYSQL323','MYSQL40','ANSI','NO_AUTO_VALUE_ON_ZERO','NO_BACKSLASH_ESCAPES','STRICT_TRANS_TABLES','STRICT_ALL_TABLES','NO_ZERO_IN_DATE','NO_ZERO_DATE','INVALID_DATES','ERROR_FOR_DIVISION_BY_ZERO','TRADITIONAL','NO_AUTO_CREATE_USER','HIGH_NOT_PRECEDENCE','NO_ENGINE_SUBSTITUTION','PAD_CHAR_TO_FULL_LENGTH','EMPTY_STRING_IS_NULL','SIMULTANEOUS_ASSIGNMENT') DEFAULT '' NOT NULL, comment char(64) CHARACTER SET utf8 COLLATE utf8_bin NOT NULL default '', originator INTEGER UNSIGNED NOT NULL, time_zone char(64) CHARACTER SET latin1 NOT NULL DEFAULT 'SYSTEM', character_set_client char(32) collate utf8_bin, collation_connection char(32) collate utf8_bin, db_collation char(32) collate utf8_bin, body_utf8 longblob, PRIMARY KEY (db, name) ) ENGINE=MyISAM DEFAULT CHARSET=utf8 COMMENT 'Events'
		    16 Query	SET @create_innodb_table_stats="CREATE TABLE IF NOT EXISTS innodb_table_stats (
	database_name			VARCHAR(64) NOT NULL,
	table_name			VARCHAR(199) NOT NULL,
	last_update			TIMESTAMP NOT NULL DEFAULT CURRENT_TIMESTAMP ON UPDATE CURRENT_TIMESTAMP,
	n_rows				BIGINT UNSIGNED NOT NULL,
	clustered_index_size		BIGINT UNSIGNED NOT NULL,
	sum_of_other_index_sizes	BIGINT UNSIGNED NOT NULL,
	PRIMARY KEY (database_name, table_name)
) ENGINE=INNODB DEFAULT CHARSET=utf8 COLLATE=utf8_bin STATS_PERSISTENT=0"
		    16 Query	SET @create_innodb_index_stats="CREATE TABLE IF NOT EXISTS innodb_index_stats (
	database_name			VARCHAR(64) NOT NULL,
	table_name			VARCHAR(199) NOT NULL,
	index_name			VARCHAR(64) NOT NULL,
	last_update			TIMESTAMP NOT NULL DEFAULT CURRENT_TIMESTAMP ON UPDATE CURRENT_TIMESTAMP,
	/* there are at least:
	stat_name='size'
	stat_name='n_leaf_pages'
	stat_name='n_diff_pfx%' */
	stat_name			VARCHAR(64) NOT NULL,
	stat_value			BIGINT UNSIGNED NOT NULL,
	sample_size			BIGINT UNSIGNED,
	stat_description		VARCHAR(1024) NOT NULL,
	PRIMARY KEY (database_name, table_name, index_name, stat_name)
) ENGINE=INNODB DEFAULT CHARSET=utf8 COLLATE=utf8_bin STATS_PERSISTENT=0"
		    16 Query	SET @create_transaction_registry="CREATE TABLE IF NOT EXISTS transaction_registry (
	transaction_id			BIGINT UNSIGNED NOT NULL,
	commit_id			BIGINT UNSIGNED NOT NULL,
	begin_timestamp			TIMESTAMP(6) NOT NULL DEFAULT '0000-00-00 00:00:00.000000',
	commit_timestamp		TIMESTAMP(6) NOT NULL DEFAULT '0000-00-00 00:00:00.000000',
	isolation_level			ENUM('READ-UNCOMMITTED', 'READ-COMMITTED',
					'REPEATABLE-READ', 'SERIALIZABLE') NOT NULL,
	PRIMARY KEY (transaction_id),
	UNIQUE KEY (commit_id),
	INDEX (begin_timestamp),
	INDEX (commit_timestamp, transaction_id)
) ENGINE=INNODB DEFAULT CHARSET=utf8 COLLATE=utf8_bin STATS_PERSISTENT=0"
		    16 Query	SET @str=IF(@have_innodb <> 0, @create_innodb_table_stats, "SET @dummy = 0")
		    16 Query	PREPARE stmt FROM @str
		    16 Prepare	CREATE TABLE IF NOT EXISTS innodb_table_stats (
	database_name			VARCHAR(64) NOT NULL,
	table_name			VARCHAR(199) NOT NULL,
	last_update			TIMESTAMP NOT NULL DEFAULT CURRENT_TIMESTAMP ON UPDATE CURRENT_TIMESTAMP,
	n_rows				BIGINT UNSIGNED NOT NULL,
	clustered_index_size		BIGINT UNSIGNED NOT NULL,
	sum_of_other_index_sizes	BIGINT UNSIGNED NOT NULL,
	PRIMARY KEY (database_name, table_name)
) ENGINE=INNODB DEFAULT CHARSET=utf8 COLLATE=utf8_bin STATS_PERSISTENT=0
		    16 Query	EXECUTE stmt
		    16 Execute	CREATE TABLE IF NOT EXISTS innodb_table_stats (
	database_name			VARCHAR(64) NOT NULL,
	table_name			VARCHAR(199) NOT NULL,
	last_update			TIMESTAMP NOT NULL DEFAULT CURRENT_TIMESTAMP ON UPDATE CURRENT_TIMESTAMP,
	n_rows				BIGINT UNSIGNED NOT NULL,
	clustered_index_size		BIGINT UNSIGNED NOT NULL,
	sum_of_other_index_sizes	BIGINT UNSIGNED NOT NULL,
	PRIMARY KEY (database_name, table_name)
) ENGINE=INNODB DEFAULT CHARSET=utf8 COLLATE=utf8_bin STATS_PERSISTENT=0
		    16 Query	DROP PREPARE stmt
		    16 Query	SET @str=IF(@have_innodb <> 0, @create_innodb_index_stats, "SET @dummy = 0")
		    16 Query	PREPARE stmt FROM @str
		    16 Prepare	CREATE TABLE IF NOT EXISTS innodb_index_stats (
	database_name			VARCHAR(64) NOT NULL,
	table_name			VARCHAR(199) NOT NULL,
	index_name			VARCHAR(64) NOT NULL,
	last_update			TIMESTAMP NOT NULL DEFAULT CURRENT_TIMESTAMP ON UPDATE CURRENT_TIMESTAMP,
	/* there are at least:
	stat_name='size'
	stat_name='n_leaf_pages'
	stat_name='n_diff_pfx%' */
	stat_name			VARCHAR(64) NOT NULL,
	stat_value			BIGINT UNSIGNED NOT NULL,
	sample_size			BIGINT UNSIGNED,
	stat_description		VARCHAR(1024) NOT NULL,
	PRIMARY KEY (database_name, table_name, index_name, stat_name)
) ENGINE=INNODB DEFAULT CHARSET=utf8 COLLATE=utf8_bin STATS_PERSISTENT=0
		    16 Query	EXECUTE stmt
		    16 Execute	CREATE TABLE IF NOT EXISTS innodb_index_stats (
	database_name			VARCHAR(64) NOT NULL,
	table_name			VARCHAR(199) NOT NULL,
	index_name			VARCHAR(64) NOT NULL,
	last_update			TIMESTAMP NOT NULL DEFAULT CURRENT_TIMESTAMP ON UPDATE CURRENT_TIMESTAMP,
	/* there are at least:
	stat_name='size'
	stat_name='n_leaf_pages'
	stat_name='n_diff_pfx%' */
	stat_name			VARCHAR(64) NOT NULL,
	stat_value			BIGINT UNSIGNED NOT NULL,
	sample_size			BIGINT UNSIGNED,
	stat_description		VARCHAR(1024) NOT NULL,
	PRIMARY KEY (database_name, table_name, index_name, stat_name)
) ENGINE=INNODB DEFAULT CHARSET=utf8 COLLATE=utf8_bin STATS_PERSISTENT=0
		    16 Query	DROP PREPARE stmt
		    16 Query	SET @str=IF(@have_innodb <> 0, @create_transaction_registry, "SET @dummy = 0")
		    16 Query	PREPARE stmt FROM @str
		    16 Prepare	CREATE TABLE IF NOT EXISTS transaction_registry (
	transaction_id			BIGINT UNSIGNED NOT NULL,
	commit_id			BIGINT UNSIGNED NOT NULL,
	begin_timestamp			TIMESTAMP(6) NOT NULL DEFAULT '0000-00-00 00:00:00.000000',
	commit_timestamp		TIMESTAMP(6) NOT NULL DEFAULT '0000-00-00 00:00:00.000000',
	isolation_level			ENUM('READ-UNCOMMITTED', 'READ-COMMITTED',
					'REPEATABLE-READ', 'SERIALIZABLE') NOT NULL,
	PRIMARY KEY (transaction_id),
	UNIQUE KEY (commit_id),
	INDEX (begin_timestamp),
	INDEX (commit_timestamp, transaction_id)
) ENGINE=INNODB DEFAULT CHARSET=utf8 COLLATE=utf8_bin STATS_PERSISTENT=0
		    16 Query	EXECUTE stmt
		    16 Execute	CREATE TABLE IF NOT EXISTS transaction_registry (
	transaction_id			BIGINT UNSIGNED NOT NULL,
	commit_id			BIGINT UNSIGNED NOT NULL,
	begin_timestamp			TIMESTAMP(6) NOT NULL DEFAULT '0000-00-00 00:00:00.000000',
	commit_timestamp		TIMESTAMP(6) NOT NULL DEFAULT '0000-00-00 00:00:00.000000',
	isolation_level			ENUM('READ-UNCOMMITTED', 'READ-COMMITTED',
					'REPEATABLE-READ', 'SERIALIZABLE') NOT NULL,
	PRIMARY KEY (transaction_id),
	UNIQUE KEY (commit_id),
	INDEX (begin_timestamp),
	INDEX (commit_timestamp, transaction_id)
) ENGINE=INNODB DEFAULT CHARSET=utf8 COLLATE=utf8_bin STATS_PERSISTENT=0
		    16 Query	DROP PREPARE stmt
		    16 Query	SET @cmd="CREATE TABLE IF NOT EXISTS slave_relay_log_info (
  Number_of_lines INTEGER UNSIGNED NOT NULL COMMENT 'Number of lines in the file or rows in the table. Used to version table definitions.',
  Relay_log_name TEXT CHARACTER SET utf8 COLLATE utf8_bin NOT NULL COMMENT 'The name of the current relay log file.',
  Relay_log_pos BIGINT UNSIGNED NOT NULL COMMENT 'The relay log position of the last executed event.',
  Master_log_name TEXT CHARACTER SET utf8 COLLATE utf8_bin NOT NULL COMMENT 'The name of the master binary log file from which the events in the relay log file were read.',
  Master_log_pos BIGINT UNSIGNED NOT NULL COMMENT 'The master log position of the last executed event.',
  Sql_delay INTEGER NOT NULL COMMENT 'The number of seconds that the slave must lag behind the master.',
  Number_of_workers INTEGER UNSIGNED NOT NULL,
  Id INTEGER UNSIGNED NOT NULL COMMENT 'Internal Id that uniquely identifies this record.',
  PRIMARY KEY(Id)) DEFAULT CHARSET=utf8 STATS_PERSISTENT=0 COMMENT 'Relay Log Information'"
		    16 Query	SET @str=CONCAT(@cmd, ' ENGINE=', @innodb_or_myisam)
		    16 Query	SET @cmd= "CREATE TABLE IF NOT EXISTS slave_master_info (
  Number_of_lines INTEGER UNSIGNED NOT NULL COMMENT 'Number of lines in the file.',
  Master_log_name TEXT CHARACTER SET utf8 COLLATE utf8_bin NOT NULL COMMENT 'The name of the master binary log currently being read from the master.',
  Master_log_pos BIGINT UNSIGNED NOT NULL COMMENT 'The master log position of the last read event.',
  Host CHAR(64) CHARACTER SET utf8 COLLATE utf8_bin COMMENT 'The host name of the master.',
  User_name TEXT CHARACTER SET utf8 COLLATE utf8_bin COMMENT 'The user name used to connect to the master.',
  User_password TEXT CHARACTER SET utf8 COLLATE utf8_bin COMMENT 'The password used to connect to the master.',
  Port INTEGER UNSIGNED NOT NULL COMMENT 'The network port used to connect to the master.',
  Connect_retry INTEGER UNSIGNED NOT NULL COMMENT 'The period (in seconds) that the slave will wait before trying to reconnect to the master.',
  Enabled_ssl BOOLEAN NOT NULL COMMENT 'Indicates whether the server supports SSL connections.',
  Ssl_ca TEXT CHARACTER SET utf8 COLLATE utf8_bin COMMENT 'The file used for the Certificate Authority (CA) certificate.',
  Ssl_capath TEXT CHARACTER SET utf8 COLLATE utf8_bin COMMENT 'The path to the Certificate Authority (CA) certificates.',
  Ssl_cert TEXT CHARACTER SET utf8 COLLATE utf8_bin COMMENT 'The name of the SSL certificate file.',
  Ssl_cipher TEXT CHARACTER SET utf8 COLLATE utf8_bin COMMENT 'The name of the cipher in use for the SSL connection.',
  Ssl_key TEXT CHARACTER SET utf8 COLLATE utf8_bin COMMENT 'The name of the SSL key file.',
  Ssl_verify_server_cert BOOLEAN NOT NULL COMMENT 'Whether to verify the server certificate.',
  Heartbeat FLOAT NOT NULL COMMENT '',
  Bind TEXT CHARACTER SET utf8 COLLATE utf8_bin COMMENT 'Displays which interface is employed when connecting to the MySQL server',
  Ignored_server_ids TEXT CHARACTER SET utf8 COLLATE utf8_bin COMMENT 'The number of server IDs to be ignored, followed by the actual server IDs',
  Uuid TEXT CHARACTER SET utf8 COLLATE utf8_bin COMMENT 'The master server uuid.',
  Retry_count BIGINT UNSIGNED NOT NULL COMMENT 'Number of reconnect attempts, to the master, before giving up.',
  Ssl_crl TEXT CHARACTER SET utf8 COLLATE utf8_bin COMMENT 'The file used for the Certificate Revocation List (CRL)',
  Ssl_crlpath TEXT CHARACTER SET utf8 COLLATE utf8_bin COMMENT 'The path used for Certificate Revocation List (CRL) files',
  Enabled_auto_position BOOLEAN NOT NULL COMMENT 'Indicates whether GTIDs will be used to retrieve events from the master.',
  PRIMARY KEY(Host, Port)) DEFAULT CHARSET=utf8 STATS_PERSISTENT=0 COMMENT 'Master Information'"
		    16 Query	SET @str=CONCAT(@cmd, ' ENGINE=', @innodb_or_myisam)
		    16 Query	SET @cmd= "CREATE TABLE IF NOT EXISTS slave_worker_info (
  Id INTEGER UNSIGNED NOT NULL,
  Relay_log_name TEXT CHARACTER SET utf8 COLLATE utf8_bin NOT NULL,
  Relay_log_pos BIGINT UNSIGNED NOT NULL,
  Master_log_name TEXT CHARACTER SET utf8 COLLATE utf8_bin NOT NULL,
  Master_log_pos BIGINT UNSIGNED NOT NULL,
  Checkpoint_relay_log_name TEXT CHARACTER SET utf8 COLLATE utf8_bin NOT NULL,
  Checkpoint_relay_log_pos BIGINT UNSIGNED NOT NULL,
  Checkpoint_master_log_name TEXT CHARACTER SET utf8 COLLATE utf8_bin NOT NULL,
  Checkpoint_master_log_pos BIGINT UNSIGNED NOT NULL,
  Checkpoint_seqno INT UNSIGNED NOT NULL,
  Checkpoint_group_size INTEGER UNSIGNED NOT NULL,
  Checkpoint_group_bitmap BLOB NOT NULL,
  PRIMARY KEY(Id)) DEFAULT CHARSET=utf8 STATS_PERSISTENT=0 COMMENT 'Worker Information'"
		    16 Query	SET @str=CONCAT(@cmd, ' ENGINE=', @innodb_or_myisam)
		    16 Query	CREATE TABLE IF NOT EXISTS proxies_priv (Host char(60) binary DEFAULT '' NOT NULL, User char(80) binary DEFAULT '' NOT NULL, Proxied_host char(60) binary DEFAULT '' NOT NULL, Proxied_user char(80) binary DEFAULT '' NOT NULL, With_grant BOOL DEFAULT 0 NOT NULL, Grantor char(141) DEFAULT '' NOT NULL, Timestamp timestamp NOT NULL DEFAULT CURRENT_TIMESTAMP ON UPDATE CURRENT_TIMESTAMP, PRIMARY KEY  (Host,User,Proxied_host,Proxied_user), KEY Grantor (Grantor) ) engine=MyISAM CHARACTER SET utf8 COLLATE utf8_bin comment='User proxy privileges'
		    16 Query	set @had_proxies_priv_table= @@warning_count != 0
		    16 Query	CREATE TABLE IF NOT EXISTS table_stats (db_name varchar(64) NOT NULL, table_name varchar(64) NOT NULL, cardinality bigint(21) unsigned DEFAULT NULL, PRIMARY KEY (db_name,table_name) ) ENGINE=MyISAM CHARACTER SET utf8 COLLATE utf8_bin comment='Statistics on Tables'
		    16 Query	CREATE TABLE IF NOT EXISTS column_stats (db_name varchar(64) NOT NULL, table_name varchar(64) NOT NULL, column_name varchar(64) NOT NULL, min_value varbinary(255) DEFAULT NULL, max_value varbinary(255) DEFAULT NULL, nulls_ratio decimal(12,4) DEFAULT NULL, avg_length decimal(12,4) DEFAULT NULL, avg_frequency decimal(12,4) DEFAULT NULL, hist_size tinyint unsigned, hist_type enum('SINGLE_PREC_HB','DOUBLE_PREC_HB'), histogram varbinary(255), PRIMARY KEY (db_name,table_name,column_name) ) ENGINE=MyISAM CHARACTER SET utf8 COLLATE utf8_bin comment='Statistics on Columns'
		    16 Query	CREATE TABLE IF NOT EXISTS index_stats (db_name varchar(64) NOT NULL, table_name varchar(64) NOT NULL, index_name varchar(64) NOT NULL, prefix_arity int(11) unsigned NOT NULL, avg_frequency decimal(12,4) DEFAULT NULL, PRIMARY KEY (db_name,table_name,index_name,prefix_arity) ) ENGINE=MyISAM CHARACTER SET utf8 COLLATE utf8_bin comment='Statistics on Indexes'
		    16 Query	SET @cmd= "CREATE TABLE IF NOT EXISTS gtid_slave_pos (
  domain_id INT UNSIGNED NOT NULL,
  sub_id BIGINT UNSIGNED NOT NULL,
  server_id INT UNSIGNED NOT NULL,
  seq_no BIGINT UNSIGNED NOT NULL,
  PRIMARY KEY (domain_id, sub_id)) CHARSET=latin1
COMMENT='Replication slave GTID position'"
		    16 Query	SET @str=CONCAT(@cmd, ' ENGINE=', @innodb_or_myisam)
		    16 Query	PREPARE stmt FROM @str
		    16 Prepare	CREATE TABLE IF NOT EXISTS gtid_slave_pos (
  domain_id INT UNSIGNED NOT NULL,
  sub_id BIGINT UNSIGNED NOT NULL,
  server_id INT UNSIGNED NOT NULL,
  seq_no BIGINT UNSIGNED NOT NULL,
  PRIMARY KEY (domain_id, sub_id)) CHARSET=latin1
COMMENT='Replication slave GTID position' ENGINE=InnoDB
		    16 Query	EXECUTE stmt
		    16 Execute	CREATE TABLE IF NOT EXISTS gtid_slave_pos (
  domain_id INT UNSIGNED NOT NULL,
  sub_id BIGINT UNSIGNED NOT NULL,
  server_id INT UNSIGNED NOT NULL,
  seq_no BIGINT UNSIGNED NOT NULL,
  PRIMARY KEY (domain_id, sub_id)) CHARSET=latin1
COMMENT='Replication slave GTID position' ENGINE=InnoDB
		    16 Query	DROP PREPARE stmt
		    16 Query	set storage_engine=@orig_storage_engine
		    16 Query	drop table if exists mysql.ndb_binlog_index
		    16 Query	set sql_mode=''
		    16 Query	set storage_engine=MyISAM
		    16 Query	set enforce_storage_engine=NULL
		    16 Query	set alter_algorithm=DEFAULT
		    16 Query	ALTER TABLE user add File_priv enum('N','Y') COLLATE utf8_general_ci DEFAULT 'N' NOT NULL
		    16 Query	SET @hadGrantPriv:=0
		    16 Query	SELECT @hadGrantPriv:=1 FROM user WHERE Grant_priv LIKE '%'
		    16 Query	ALTER TABLE user add Grant_priv enum('N','Y') COLLATE utf8_general_ci DEFAULT 'N' NOT NULL,
                 add References_priv enum('N','Y') COLLATE utf8_general_ci DEFAULT 'N' NOT NULL,
                 add Index_priv enum('N','Y') COLLATE utf8_general_ci DEFAULT 'N' NOT NULL,
                 add Alter_priv enum('N','Y') COLLATE utf8_general_ci DEFAULT 'N' NOT NULL
		    16 Query	ALTER TABLE host add Grant_priv enum('N','Y') COLLATE utf8_general_ci DEFAULT 'N' NOT NULL,
                 add References_priv enum('N','Y') COLLATE utf8_general_ci DEFAULT 'N' NOT NULL,
                 add Index_priv enum('N','Y') COLLATE utf8_general_ci DEFAULT 'N' NOT NULL,
                 add Alter_priv enum('N','Y') COLLATE utf8_general_ci DEFAULT 'N' NOT NULL
		    16 Query	ALTER TABLE db add Grant_priv enum('N','Y') COLLATE utf8_general_ci DEFAULT 'N' NOT NULL,
               add References_priv enum('N','Y') COLLATE utf8_general_ci DEFAULT 'N' NOT NULL,
               add Index_priv enum('N','Y') COLLATE utf8_general_ci DEFAULT 'N' NOT NULL,
               add Alter_priv enum('N','Y') COLLATE utf8_general_ci DEFAULT 'N' NOT NULL
		    16 Query	UPDATE user SET Grant_priv=File_priv,References_priv=Create_priv,Index_priv=Create_priv,Alter_priv=Create_priv WHERE @hadGrantPriv = 0
		    16 Query	UPDATE db SET References_priv=Create_priv,Index_priv=Create_priv,Alter_priv=Create_priv WHERE @hadGrantPriv = 0
		    16 Query	UPDATE host SET References_priv=Create_priv,Index_priv=Create_priv,Alter_priv=Create_priv WHERE @hadGrantPriv = 0
		    16 Query	ALTER TABLE user
ADD ssl_type enum('','ANY','X509', 'SPECIFIED') DEFAULT '' NOT NULL,
ADD ssl_cipher BLOB NOT NULL,
ADD x509_issuer BLOB NOT NULL,
ADD x509_subject BLOB NOT NULL
		    16 Query	ALTER TABLE user MODIFY ssl_type enum('','ANY','X509', 'SPECIFIED') DEFAULT '' NOT NULL
		    16 Query	ALTER TABLE tables_priv
  ADD KEY Grantor (Grantor)
		    16 Query	ALTER TABLE tables_priv
  MODIFY Host char(60) NOT NULL default '',
  MODIFY Db char(64) NOT NULL default '',
  MODIFY User char(80) binary NOT NULL default '',
  MODIFY Table_name char(64) NOT NULL default '',
  MODIFY Grantor char(141) COLLATE utf8_bin NOT NULL default '',
  ENGINE=MyISAM,
  CONVERT TO CHARACTER SET utf8 COLLATE utf8_bin
		    16 Query	ALTER TABLE tables_priv
  MODIFY Column_priv set('Select','Insert','Update','References')
    COLLATE utf8_general_ci DEFAULT '' NOT NULL,
  MODIFY Table_priv set('Select','Insert','Update','Delete','Create',
                        'Drop','Grant','References','Index','Alter',
                        'Create View','Show view','Trigger','Delete versioning rows')
    COLLATE utf8_general_ci DEFAULT '' NOT NULL,
  COMMENT='Table privileges'
		    16 Query	ALTER TABLE columns_priv
  CHANGE Type Column_priv set('Select','Insert','Update','References')
    COLLATE utf8_general_ci DEFAULT '' NOT NULL
		    16 Query	ALTER TABLE columns_priv
  MODIFY Host char(60) NOT NULL default '',
  MODIFY Db char(64) NOT NULL default '',
  MODIFY User char(80) binary NOT NULL default '',
  MODIFY Table_name char(64) NOT NULL default '',
  MODIFY Column_name char(64) NOT NULL default '',
  ENGINE=MyISAM,
  CONVERT TO CHARACTER SET utf8 COLLATE utf8_bin,
  COMMENT='Column privileges'
		    16 Query	ALTER TABLE columns_priv
  MODIFY Column_priv set('Select','Insert','Update','References')
    COLLATE utf8_general_ci DEFAULT '' NOT NULL
		    16 Query	ALTER TABLE func add type enum ('function','aggregate') COLLATE utf8_general_ci NOT NULL
		    16 Query	SET @hadShowDbPriv:=0
		    16 Query	SELECT @hadShowDbPriv:=1 FROM user WHERE Show_db_priv LIKE '%'
		    16 Query	ALTER TABLE user
ADD Show_db_priv enum('N','Y') COLLATE utf8_general_ci DEFAULT 'N' NOT NULL AFTER Alter_priv,
ADD Super_priv enum('N','Y') COLLATE utf8_general_ci DEFAULT 'N' NOT NULL AFTER Show_db_priv,
ADD Create_tmp_table_priv enum('N','Y') COLLATE utf8_general_ci DEFAULT 'N' NOT NULL AFTER Super_priv,
ADD Lock_tables_priv enum('N','Y') COLLATE utf8_general_ci DEFAULT 'N' NOT NULL AFTER Create_tmp_table_priv,
ADD Execute_priv enum('N','Y') COLLATE utf8_general_ci DEFAULT 'N' NOT NULL AFTER Lock_tables_priv,
ADD Repl_slave_priv enum('N','Y') COLLATE utf8_general_ci DEFAULT 'N' NOT NULL AFTER Execute_priv,
ADD Repl_client_priv enum('N','Y') COLLATE utf8_general_ci DEFAULT 'N' NOT NULL AFTER Repl_slave_priv
		    16 Query	UPDATE user SET Show_db_priv= Select_priv, Super_priv=Process_priv, Execute_priv=Process_priv, Create_tmp_table_priv='Y', Lock_tables_priv='Y', Repl_slave_priv=file_priv, Repl_client_priv=File_priv where user<>"" AND @hadShowDbPriv = 0
		    16 Query	ALTER TABLE user
ADD max_questions int(11) NOT NULL DEFAULT 0 AFTER x509_subject,
ADD max_updates   int(11) unsigned NOT NULL DEFAULT 0 AFTER max_questions,
ADD max_connections int(11) unsigned NOT NULL DEFAULT 0 AFTER max_updates
		    16 Query	ALTER TABLE db
ADD Create_tmp_table_priv enum('N','Y') COLLATE utf8_general_ci DEFAULT 'N' NOT NULL,
ADD Lock_tables_priv enum('N','Y') COLLATE utf8_general_ci DEFAULT 'N' NOT NULL
		    16 Query	ALTER TABLE host
ADD Create_tmp_table_priv enum('N','Y') DEFAULT 'N' NOT NULL,
ADD Lock_tables_priv enum('N','Y') DEFAULT 'N' NOT NULL
		    16 Query	alter table user change max_questions max_questions int(11) unsigned DEFAULT 0  NOT NULL
		    16 Query	alter table db comment='Database privileges'
		    16 Query	alter table host comment='Host privileges;  Merged with database privileges'
		    16 Query	alter table user comment='Users and global privileges'
		    16 Query	alter table func comment='User defined functions'
		    16 Query	ALTER TABLE user
  MODIFY Host char(60) NOT NULL default '',
  MODIFY User char(80) binary NOT NULL default '',
  ENGINE=MyISAM, CONVERT TO CHARACTER SET utf8 COLLATE utf8_bin
		    16 Query	ALTER TABLE user
  ADD Password char(41) character set latin1 collate latin1_bin NOT NULL default '' AFTER User
		    16 Query	UPDATE user
  SET plugin='unix_socket' WHERE plugin='auth_socket'
		    16 Query	UPDATE plugin
  SET name='unix_socket', dl='unix_socket.so' WHERE name='auth_socket'
		    16 Query	ALTER TABLE user
  MODIFY Password char(41) character set latin1 collate latin1_bin NOT NULL default '',
  MODIFY Select_priv enum('N','Y') COLLATE utf8_general_ci DEFAULT 'N' NOT NULL,
  MODIFY Insert_priv enum('N','Y') COLLATE utf8_general_ci DEFAULT 'N' NOT NULL,
  MODIFY Update_priv enum('N','Y') COLLATE utf8_general_ci DEFAULT 'N' NOT NULL,
  MODIFY Delete_priv enum('N','Y') COLLATE utf8_general_ci DEFAULT 'N' NOT NULL,
  MODIFY Create_priv enum('N','Y') COLLATE utf8_general_ci DEFAULT 'N' NOT NULL,
  MODIFY Drop_priv enum('N','Y') COLLATE utf8_general_ci DEFAULT 'N' NOT NULL,
  MODIFY Reload_priv enum('N','Y') COLLATE utf8_general_ci DEFAULT 'N' NOT NULL,
  MODIFY Shutdown_priv enum('N','Y') COLLATE utf8_general_ci DEFAULT 'N' NOT NULL,
  MODIFY Process_priv enum('N','Y') COLLATE utf8_general_ci DEFAULT 'N' NOT NULL,
  MODIFY File_priv enum('N','Y') COLLATE utf8_general_ci DEFAULT 'N' NOT NULL,
  MODIFY Grant_priv enum('N','Y') COLLATE utf8_general_ci DEFAULT 'N' NOT NULL,
  MODIFY References_priv enum('N','Y') COLLATE utf8_general_ci DEFAULT 'N' NOT NULL,
  MODIFY Index_priv enum('N','Y') COLLATE utf8_general_ci DEFAULT 'N' NOT NULL,
  MODIFY Alter_priv enum('N','Y') COLLATE utf8_general_ci DEFAULT 'N' NOT NULL,
  MODIFY Show_db_priv enum('N','Y') COLLATE utf8_general_ci DEFAULT 'N' NOT NULL,
  MODIFY Super_priv enum('N','Y') COLLATE utf8_general_ci DEFAULT 'N' NOT NULL,
  MODIFY Create_tmp_table_priv enum('N','Y') COLLATE utf8_general_ci DEFAULT 'N' NOT NULL,
  MODIFY Lock_tables_priv enum('N','Y') COLLATE utf8_general_ci DEFAULT 'N' NOT NULL,
  MODIFY Execute_priv enum('N','Y') COLLATE utf8_general_ci DEFAULT 'N' NOT NULL,
  MODIFY Repl_slave_priv enum('N','Y') COLLATE utf8_general_ci DEFAULT 'N' NOT NULL,
  MODIFY Repl_client_priv enum('N','Y') COLLATE utf8_general_ci DEFAULT 'N' NOT NULL,
  MODIFY ssl_type enum('','ANY','X509', 'SPECIFIED') COLLATE utf8_general_ci DEFAULT '' NOT NULL
		    16 Query	ALTER TABLE db
  MODIFY Host char(60) NOT NULL default '',
  MODIFY Db char(64) NOT NULL default '',
  MODIFY User char(80) binary NOT NULL default '',
  ENGINE=MyISAM, CONVERT TO CHARACTER SET utf8 COLLATE utf8_bin
		    16 Query	ALTER TABLE db
  MODIFY  Select_priv enum('N','Y') COLLATE utf8_general_ci DEFAULT 'N' NOT NULL,
  MODIFY  Insert_priv enum('N','Y') COLLATE utf8_general_ci DEFAULT 'N' NOT NULL,
  MODIFY  Update_priv enum('N','Y') COLLATE utf8_general_ci DEFAULT 'N' NOT NULL,
  MODIFY  Delete_priv enum('N','Y') COLLATE utf8_general_ci DEFAULT 'N' NOT NULL,
  MODIFY  Create_priv enum('N','Y') COLLATE utf8_general_ci DEFAULT 'N' NOT NULL,
  MODIFY  Drop_priv enum('N','Y') COLLATE utf8_general_ci DEFAULT 'N' NOT NULL,
  MODIFY  Grant_priv enum('N','Y') COLLATE utf8_general_ci DEFAULT 'N' NOT NULL,
  MODIFY  References_priv enum('N','Y') COLLATE utf8_general_ci DEFAULT 'N' NOT NULL,
  MODIFY  Index_priv enum('N','Y') COLLATE utf8_general_ci DEFAULT 'N' NOT NULL,
  MODIFY  Alter_priv enum('N','Y') COLLATE utf8_general_ci DEFAULT 'N' NOT NULL,
  MODIFY  Create_tmp_table_priv enum('N','Y') COLLATE utf8_general_ci DEFAULT 'N' NOT NULL,
  MODIFY  Lock_tables_priv enum('N','Y') COLLATE utf8_general_ci DEFAULT 'N' NOT NULL
		    16 Query	ALTER TABLE host
  MODIFY Host char(60) NOT NULL default '',
  MODIFY Db char(64) NOT NULL default '',
  ENGINE=MyISAM, CONVERT TO CHARACTER SET utf8 COLLATE utf8_bin
		    16 Query	ALTER TABLE host
  MODIFY Select_priv enum('N','Y') COLLATE utf8_general_ci DEFAULT 'N' NOT NULL,
  MODIFY Insert_priv enum('N','Y') COLLATE utf8_general_ci DEFAULT 'N' NOT NULL,
  MODIFY Update_priv enum('N','Y') COLLATE utf8_general_ci DEFAULT 'N' NOT NULL,
  MODIFY Delete_priv enum('N','Y') COLLATE utf8_general_ci DEFAULT 'N' NOT NULL,
  MODIFY Create_priv enum('N','Y') COLLATE utf8_general_ci DEFAULT 'N' NOT NULL,
  MODIFY Drop_priv enum('N','Y') COLLATE utf8_general_ci DEFAULT 'N' NOT NULL,
  MODIFY Grant_priv enum('N','Y') COLLATE utf8_general_ci DEFAULT 'N' NOT NULL,
  MODIFY References_priv enum('N','Y') COLLATE utf8_general_ci DEFAULT 'N' NOT NULL,
  MODIFY Index_priv enum('N','Y') COLLATE utf8_general_ci DEFAULT 'N' NOT NULL,
  MODIFY Alter_priv enum('N','Y') COLLATE utf8_general_ci DEFAULT 'N' NOT NULL,
  MODIFY Create_tmp_table_priv enum('N','Y') COLLATE utf8_general_ci DEFAULT 'N' NOT NULL,
  MODIFY Lock_tables_priv enum('N','Y') COLLATE utf8_general_ci DEFAULT 'N' NOT NULL
		    16 Query	ALTER TABLE func
  ENGINE=MyISAM, CONVERT TO CHARACTER SET utf8 COLLATE utf8_bin
		    16 Query	ALTER TABLE func
  MODIFY type enum ('function','aggregate') COLLATE utf8_general_ci NOT NULL
		    16 Query	SET @old_log_state = @@global.general_log
		    16 Query	SET GLOBAL general_log = 'OFF'
/usr/sbin/mysqld, Version: 10.3.29-MariaDB-0+deb10u1-log (Debian 10). started with:
Tcp port: 3306  Unix socket: /var/run/mysqld/mysqld.sock
Time		    Id Command	Argument
		    16 Query	SET @old_log_state = @@global.slow_query_log
		    16 Query	SET GLOBAL slow_query_log = 'OFF'
		    16 Query	ALTER TABLE slow_log
  ADD COLUMN thread_id BIGINT(21) UNSIGNED NOT NULL AFTER sql_text
		    16 Query	ALTER TABLE slow_log
  ADD COLUMN rows_affected INTEGER NOT NULL AFTER thread_id
		    16 Query	ALTER TABLE slow_log
  MODIFY start_time TIMESTAMP(6) NOT NULL DEFAULT CURRENT_TIMESTAMP ON UPDATE CURRENT_TIMESTAMP,
  MODIFY user_host MEDIUMTEXT NOT NULL,
  MODIFY query_time TIME(6) NOT NULL,
  MODIFY lock_time TIME(6) NOT NULL,
  MODIFY rows_sent INTEGER NOT NULL,
  MODIFY rows_examined INTEGER NOT NULL,
  MODIFY db VARCHAR(512) NOT NULL,
  MODIFY last_insert_id INTEGER NOT NULL,
  MODIFY insert_id INTEGER NOT NULL,
  MODIFY server_id INTEGER UNSIGNED NOT NULL,
  MODIFY sql_text MEDIUMTEXT NOT NULL,
  MODIFY thread_id BIGINT(21) UNSIGNED NOT NULL
		    16 Query	SET GLOBAL slow_query_log = @old_log_state
		    16 Query	ALTER TABLE plugin
  MODIFY name varchar(64) COLLATE utf8_general_ci NOT NULL DEFAULT '',
  MODIFY dl varchar(128) COLLATE utf8_general_ci NOT NULL DEFAULT '',
  CONVERT TO CHARACTER SET utf8 COLLATE utf8_general_ci
210719 14:23:58	    16 Query	SET @hadCreateViewPriv:=0
		    16 Query	SELECT @hadCreateViewPriv:=1 FROM user WHERE Create_view_priv LIKE '%'
		    16 Query	ALTER TABLE db ADD Create_view_priv enum('N','Y') COLLATE utf8_general_ci DEFAULT 'N' NOT NULL AFTER Lock_tables_priv
		    16 Query	ALTER TABLE db MODIFY Create_view_priv enum('N','Y') COLLATE utf8_general_ci DEFAULT 'N' NOT NULL AFTER Lock_tables_priv
		    16 Query	ALTER TABLE host ADD Create_view_priv enum('N','Y') COLLATE utf8_general_ci DEFAULT 'N' NOT NULL AFTER Lock_tables_priv
		    16 Query	ALTER TABLE host MODIFY Create_view_priv enum('N','Y') COLLATE utf8_general_ci DEFAULT 'N' NOT NULL AFTER Lock_tables_priv
		    16 Query	ALTER TABLE user ADD Create_view_priv enum('N','Y') COLLATE utf8_general_ci DEFAULT 'N' NOT NULL AFTER Repl_client_priv
		    16 Query	ALTER TABLE user MODIFY Create_view_priv enum('N','Y') COLLATE utf8_general_ci DEFAULT 'N' NOT NULL AFTER Repl_client_priv
		    16 Query	ALTER TABLE db ADD Show_view_priv enum('N','Y') COLLATE utf8_general_ci DEFAULT 'N' NOT NULL AFTER Create_view_priv
		    16 Query	ALTER TABLE db MODIFY Show_view_priv enum('N','Y') COLLATE utf8_general_ci DEFAULT 'N' NOT NULL AFTER Create_view_priv
		    16 Query	ALTER TABLE host ADD Show_view_priv enum('N','Y') COLLATE utf8_general_ci DEFAULT 'N' NOT NULL AFTER Create_view_priv
		    16 Query	ALTER TABLE host MODIFY Show_view_priv enum('N','Y') COLLATE utf8_general_ci DEFAULT 'N' NOT NULL AFTER Create_view_priv
		    16 Query	ALTER TABLE user ADD Show_view_priv enum('N','Y') COLLATE utf8_general_ci DEFAULT 'N' NOT NULL AFTER Create_view_priv
		    16 Query	ALTER TABLE user MODIFY Show_view_priv enum('N','Y') COLLATE utf8_general_ci DEFAULT 'N' NOT NULL AFTER Create_view_priv
		    16 Query	UPDATE user SET Create_view_priv=Create_priv, Show_view_priv=Create_priv where user<>"" AND @hadCreateViewPriv = 0
		    16 Query	SET @hadCreateRoutinePriv:=0
		    16 Query	SELECT @hadCreateRoutinePriv:=1 FROM user WHERE Create_routine_priv LIKE '%'
		    16 Query	ALTER TABLE db ADD Create_routine_priv enum('N','Y') COLLATE utf8_general_ci DEFAULT 'N' NOT NULL AFTER Show_view_priv
		    16 Query	ALTER TABLE db MODIFY Create_routine_priv enum('N','Y') COLLATE utf8_general_ci DEFAULT 'N' NOT NULL AFTER Show_view_priv
		    16 Query	ALTER TABLE host ADD Create_routine_priv enum('N','Y') COLLATE utf8_general_ci DEFAULT 'N' NOT NULL AFTER Show_view_priv
		    16 Query	ALTER TABLE host MODIFY Create_routine_priv enum('N','Y') COLLATE utf8_general_ci DEFAULT 'N' NOT NULL AFTER Show_view_priv
		    16 Query	ALTER TABLE user ADD Create_routine_priv enum('N','Y') COLLATE utf8_general_ci DEFAULT 'N' NOT NULL AFTER Show_view_priv
		    16 Query	ALTER TABLE user MODIFY Create_routine_priv enum('N','Y') COLLATE utf8_general_ci DEFAULT 'N' NOT NULL AFTER Show_view_priv
		    16 Query	ALTER TABLE db ADD Alter_routine_priv enum('N','Y') COLLATE utf8_general_ci DEFAULT 'N' NOT NULL AFTER Create_routine_priv
		    16 Query	ALTER TABLE db MODIFY Alter_routine_priv enum('N','Y') COLLATE utf8_general_ci DEFAULT 'N' NOT NULL AFTER Create_routine_priv
		    16 Query	ALTER TABLE host ADD Alter_routine_priv enum('N','Y') COLLATE utf8_general_ci DEFAULT 'N' NOT NULL AFTER Create_routine_priv
		    16 Query	ALTER TABLE host MODIFY Alter_routine_priv enum('N','Y') COLLATE utf8_general_ci DEFAULT 'N' NOT NULL AFTER Create_routine_priv
		    16 Query	ALTER TABLE user ADD Alter_routine_priv enum('N','Y') COLLATE utf8_general_ci DEFAULT 'N' NOT NULL AFTER Create_routine_priv
		    16 Query	ALTER TABLE user MODIFY Alter_routine_priv enum('N','Y') COLLATE utf8_general_ci DEFAULT 'N' NOT NULL AFTER Create_routine_priv
		    16 Query	ALTER TABLE db ADD Execute_priv enum('N','Y') COLLATE utf8_general_ci DEFAULT 'N' NOT NULL AFTER Alter_routine_priv
		    16 Query	ALTER TABLE db MODIFY Execute_priv enum('N','Y') COLLATE utf8_general_ci DEFAULT 'N' NOT NULL AFTER Alter_routine_priv
		    16 Query	ALTER TABLE host ADD Execute_priv enum('N','Y') COLLATE utf8_general_ci DEFAULT 'N' NOT NULL AFTER Alter_routine_priv
		    16 Query	ALTER TABLE host MODIFY Execute_priv enum('N','Y') COLLATE utf8_general_ci DEFAULT 'N' NOT NULL AFTER Alter_routine_priv
		    16 Query	UPDATE user SET Create_routine_priv=Create_priv, Alter_routine_priv=Alter_priv where user<>"" AND @hadCreateRoutinePriv = 0
		    16 Query	UPDATE db SET Create_routine_priv=Create_priv, Alter_routine_priv=Alter_priv, Execute_priv=Select_priv where user<>"" AND @hadCreateRoutinePriv = 0
		    16 Query	UPDATE host SET Create_routine_priv=Create_priv, Alter_routine_priv=Alter_priv, Execute_priv=Select_priv where @hadCreateRoutinePriv = 0
		    16 Query	ALTER TABLE user ADD max_user_connections int(11) DEFAULT '0' NOT NULL AFTER max_connections
		    16 Query	ALTER TABLE user MODIFY max_user_connections int(11) DEFAULT '0' NOT NULL AFTER max_connections
		    16 Query	SET @hadCreateUserPriv:=0
		    16 Query	SELECT @hadCreateUserPriv:=1 FROM user WHERE Create_user_priv LIKE '%'
		    16 Query	ALTER TABLE user ADD Create_user_priv enum('N','Y') COLLATE utf8_general_ci DEFAULT 'N' NOT NULL AFTER Alter_routine_priv
		    16 Query	ALTER TABLE user MODIFY Create_user_priv enum('N','Y') COLLATE utf8_general_ci DEFAULT 'N' NOT NULL AFTER Alter_routine_priv
		    16 Query	UPDATE user LEFT JOIN db USING (Host,User) SET Create_user_priv='Y'
  WHERE @hadCreateUserPriv = 0 AND
        (user.Grant_priv = 'Y' OR db.Grant_priv = 'Y')
		    16 Query	ALTER TABLE procs_priv
  ENGINE=MyISAM,
  CONVERT TO CHARACTER SET utf8 COLLATE utf8_bin
		    16 Query	ALTER TABLE procs_priv
  MODIFY Proc_priv set('Execute','Alter Routine','Grant')
    COLLATE utf8_general_ci DEFAULT '' NOT NULL
		    16 Query	ALTER IGNORE TABLE procs_priv
  MODIFY Routine_name char(64)
    COLLATE utf8_general_ci DEFAULT '' NOT NULL
210719 14:23:59	    16 Query	ALTER TABLE procs_priv
  ADD Routine_type enum('FUNCTION','PROCEDURE')
    COLLATE utf8_general_ci NOT NULL AFTER Routine_name
		    16 Query	ALTER TABLE procs_priv
  MODIFY Timestamp timestamp NOT NULL DEFAULT CURRENT_TIMESTAMP ON UPDATE CURRENT_TIMESTAMP AFTER Proc_priv
		    16 Query	ALTER TABLE proc MODIFY name char(64) DEFAULT '' NOT NULL,
                 MODIFY specific_name char(64) DEFAULT '' NOT NULL,
                 MODIFY sql_data_access
                        enum('CONTAINS_SQL',
                             'NO_SQL',
                             'READS_SQL_DATA',
                             'MODIFIES_SQL_DATA'
                            ) DEFAULT 'CONTAINS_SQL' NOT NULL,
                 MODIFY body longblob NOT NULL,
                 MODIFY returns longblob NOT NULL,
                 MODIFY sql_mode
                        set('REAL_AS_FLOAT',
                            'PIPES_AS_CONCAT',
                            'ANSI_QUOTES',
                            'IGNORE_SPACE',
                            'IGNORE_BAD_TABLE_OPTIONS',
                            'ONLY_FULL_GROUP_BY',
                            'NO_UNSIGNED_SUBTRACTION',
                            'NO_DIR_IN_CREATE',
                            'POSTGRESQL',
                            'ORACLE',
                            'MSSQL',
                            'DB2',
                            'MAXDB',
                            'NO_KEY_OPTIONS',
                            'NO_TABLE_OPTIONS',
                            'NO_FIELD_OPTIONS',
                            'MYSQL323',
                            'MYSQL40',
                            'ANSI',
                            'NO_AUTO_VALUE_ON_ZERO',
                            'NO_BACKSLASH_ESCAPES',
                            'STRICT_TRANS_TABLES',
                            'STRICT_ALL_TABLES',
                            'NO_ZERO_IN_DATE',
                            'NO_ZERO_DATE',
                            'INVALID_DATES',
                            'ERROR_FOR_DIVISION_BY_ZERO',
                            'TRADITIONAL',
                            'NO_AUTO_CREATE_USER',
                            'HIGH_NOT_PRECEDENCE',
                            'NO_ENGINE_SUBSTITUTION',
                            'PAD_CHAR_TO_FULL_LENGTH',
                            'EMPTY_STRING_IS_NULL',
                            'SIMULTANEOUS_ASSIGNMENT'
                            ) DEFAULT '' NOT NULL,
                 DEFAULT CHARACTER SET utf8
		    16 Query	ALTER TABLE proc CONVERT TO CHARACTER SET utf8,
                  MODIFY db char(64) binary DEFAULT '' NOT NULL,
                  MODIFY definer char(141) binary DEFAULT '' NOT NULL,
                  MODIFY comment text binary NOT NULL
		    16 Query	ALTER TABLE proc ADD character_set_client
                     char(32) collate utf8_bin DEFAULT NULL
                     AFTER comment
		    16 Query	ALTER TABLE proc MODIFY character_set_client
                        char(32) collate utf8_bin DEFAULT NULL
		    16 Query	ALTER TABLE proc MODIFY type enum('FUNCTION',
                                  'PROCEDURE',
                                  'PACKAGE',
                                  'PACKAGE BODY') NOT NULL
		    16 Query	ALTER TABLE procs_priv MODIFY Routine_type enum('FUNCTION',
                                                'PROCEDURE',
                                                'PACKAGE',
                                                'PACKAGE BODY') NOT NULL
		    16 Query	SELECT CASE WHEN COUNT(*) > 0 THEN
CONCAT ("WARNING: NULL values of the 'character_set_client' column ('mysql.proc' table) have been updated with a default value (", @@character_set_client, "). Please verify if necessary.")
ELSE NULL
END
AS value FROM proc WHERE character_set_client IS NULL
		    16 Query	UPDATE proc SET character_set_client = @@character_set_client
                     WHERE character_set_client IS NULL
		    16 Query	ALTER TABLE proc ADD collation_connection
                     char(32) collate utf8_bin DEFAULT NULL
                     AFTER character_set_client
		    16 Query	ALTER TABLE proc MODIFY collation_connection
                        char(32) collate utf8_bin DEFAULT NULL
		    16 Query	SELECT CASE WHEN COUNT(*) > 0 THEN
CONCAT ("WARNING: NULL values of the 'collation_connection' column ('mysql.proc' table) have been updated with a default value (", @@collation_connection, "). Please verify if necessary.")
ELSE NULL
END
AS value FROM proc WHERE collation_connection IS NULL
		    16 Query	UPDATE proc SET collation_connection = @@collation_connection
                     WHERE collation_connection IS NULL
		    16 Query	ALTER TABLE proc ADD db_collation
                     char(32) collate utf8_bin DEFAULT NULL
                     AFTER collation_connection
		    16 Query	ALTER TABLE proc MODIFY db_collation
                        char(32) collate utf8_bin DEFAULT NULL
		    16 Query	SELECT CASE WHEN COUNT(*) > 0 THEN
CONCAT ("WARNING: NULL values of the 'db_collation' column ('mysql.proc' table) have been updated with default values. Please verify if necessary.")
ELSE NULL
END
AS value FROM proc WHERE db_collation IS NULL
		    16 Query	UPDATE proc AS p SET db_collation  =
                     ( SELECT DEFAULT_COLLATION_NAME
                       FROM INFORMATION_SCHEMA.SCHEMATA
                       WHERE SCHEMA_NAME = p.db)
                     WHERE db_collation IS NULL
		    16 Query	ALTER TABLE proc ADD body_utf8 longblob DEFAULT NULL
                     AFTER db_collation
		    16 Query	ALTER TABLE proc MODIFY body_utf8 longblob DEFAULT NULL
		    16 Query	ALTER TABLE proc MODIFY comment
                        text collate utf8_bin NOT NULL
		    16 Query	ALTER TABLE proc ADD aggregate enum('NONE', 'GROUP') DEFAULT 'NONE' NOT NULL
                     AFTER body_utf8
		    16 Query	SET @hadEventPriv := 0
		    16 Query	SELECT @hadEventPriv :=1 FROM user WHERE Event_priv LIKE '%'
		    16 Query	ALTER TABLE user ADD Event_priv enum('N','Y') character set utf8 DEFAULT 'N' NOT NULL AFTER Create_user_priv
		    16 Query	ALTER TABLE user MODIFY Event_priv enum('N','Y') character set utf8 DEFAULT 'N' NOT NULL AFTER Create_user_priv
		    16 Query	UPDATE user SET Event_priv=Super_priv WHERE @hadEventPriv = 0
		    16 Query	ALTER TABLE db ADD Event_priv enum('N','Y') character set utf8 DEFAULT 'N' NOT NULL
		    16 Query	ALTER TABLE db MODIFY Event_priv enum('N','Y') character set utf8 DEFAULT 'N' NOT NULL
		    16 Query	ALTER TABLE event DROP PRIMARY KEY, ADD PRIMARY KEY(db, name)
		    16 Query	ALTER TABLE event ADD sql_mode set ('IGNORE_BAD_TABLE_OPTIONS') AFTER on_completion
		    16 Query	ALTER TABLE event MODIFY sql_mode
                        set('REAL_AS_FLOAT',
                            'PIPES_AS_CONCAT',
                            'ANSI_QUOTES',
                            'IGNORE_SPACE',
                            'IGNORE_BAD_TABLE_OPTIONS',
                            'ONLY_FULL_GROUP_BY',
                            'NO_UNSIGNED_SUBTRACTION',
                            'NO_DIR_IN_CREATE',
                            'POSTGRESQL',
                            'ORACLE',
                            'MSSQL',
                            'DB2',
                            'MAXDB',
                            'NO_KEY_OPTIONS',
                            'NO_TABLE_OPTIONS',
                            'NO_FIELD_OPTIONS',
                            'MYSQL323',
                            'MYSQL40',
                            'ANSI',
                            'NO_AUTO_VALUE_ON_ZERO',
                            'NO_BACKSLASH_ESCAPES',
                            'STRICT_TRANS_TABLES',
                            'STRICT_ALL_TABLES',
                            'NO_ZERO_IN_DATE',
                            'NO_ZERO_DATE',
                            'INVALID_DATES',
                            'ERROR_FOR_DIVISION_BY_ZERO',
                            'TRADITIONAL',
                            'NO_AUTO_CREATE_USER',
                            'HIGH_NOT_PRECEDENCE',
                            'NO_ENGINE_SUBSTITUTION',
                            'PAD_CHAR_TO_FULL_LENGTH',
                            'EMPTY_STRING_IS_NULL',
                            'SIMULTANEOUS_ASSIGNMENT'
                            ) DEFAULT '' NOT NULL AFTER on_completion
		    16 Query	ALTER TABLE event MODIFY name char(64) CHARACTER SET utf8 NOT NULL default ''
		    16 Query	ALTER TABLE event ADD COLUMN originator INT UNSIGNED NOT NULL AFTER comment
		    16 Query	ALTER TABLE event MODIFY COLUMN originator INT UNSIGNED NOT NULL
		    16 Query	ALTER TABLE event MODIFY COLUMN status ENUM('ENABLED','DISABLED','SLAVESIDE_DISABLED') NOT NULL default 'ENABLED'
		    16 Query	ALTER TABLE event ADD COLUMN time_zone char(64) CHARACTER SET latin1
        NOT NULL DEFAULT 'SYSTEM' AFTER originator
		    16 Query	ALTER TABLE event ADD character_set_client
                      char(32) collate utf8_bin DEFAULT NULL
                      AFTER time_zone
		    16 Query	ALTER TABLE event MODIFY character_set_client
                         char(32) collate utf8_bin DEFAULT NULL
		    16 Query	ALTER TABLE event ADD collation_connection
                      char(32) collate utf8_bin DEFAULT NULL
                      AFTER character_set_client
		    16 Query	ALTER TABLE event MODIFY collation_connection
                         char(32) collate utf8_bin DEFAULT NULL
		    16 Query	ALTER TABLE event ADD db_collation
                      char(32) collate utf8_bin DEFAULT NULL
                      AFTER collation_connection
		    16 Query	ALTER TABLE event MODIFY db_collation
                         char(32) collate utf8_bin DEFAULT NULL
		    16 Query	ALTER TABLE event ADD body_utf8 longblob DEFAULT NULL
                      AFTER db_collation
		    16 Query	ALTER TABLE event MODIFY body_utf8 longblob DEFAULT NULL
		    16 Query	set global event_scheduler=original
		    16 Query	SET @hadTriggerPriv := 0
		    16 Query	SELECT @hadTriggerPriv :=1 FROM user WHERE Trigger_priv LIKE '%'
		    16 Query	ALTER TABLE user ADD Trigger_priv enum('N','Y') COLLATE utf8_general_ci DEFAULT 'N' NOT NULL AFTER Event_priv
		    16 Query	ALTER TABLE user MODIFY Trigger_priv enum('N','Y') COLLATE utf8_general_ci DEFAULT 'N' NOT NULL AFTER Event_priv
		    16 Query	ALTER TABLE host ADD Trigger_priv enum('N','Y') COLLATE utf8_general_ci DEFAULT 'N' NOT NULL
		    16 Query	ALTER TABLE host MODIFY Trigger_priv enum('N','Y') COLLATE utf8_general_ci DEFAULT 'N' NOT NULL
		    16 Query	ALTER TABLE db ADD Trigger_priv enum('N','Y') COLLATE utf8_general_ci DEFAULT 'N' NOT NULL
		    16 Query	ALTER TABLE db MODIFY Trigger_priv enum('N','Y') COLLATE utf8_general_ci DEFAULT 'N' NOT NULL
		    16 Query	UPDATE user SET Trigger_priv=Super_priv WHERE @hadTriggerPriv = 0
		    16 Query	SET @hadCreateTablespacePriv := 0
		    16 Query	SELECT @hadCreateTablespacePriv :=1 FROM user WHERE Create_tablespace_priv LIKE '%'
		    16 Query	ALTER TABLE user ADD Create_tablespace_priv enum('N','Y') COLLATE utf8_general_ci DEFAULT 'N' NOT NULL AFTER Trigger_priv
		    16 Query	ALTER TABLE user MODIFY Create_tablespace_priv enum('N','Y') COLLATE utf8_general_ci DEFAULT 'N' NOT NULL AFTER Trigger_priv
		    16 Query	UPDATE user SET Create_tablespace_priv = Super_priv WHERE @hadCreateTablespacePriv = 0
		    16 Query	ALTER TABLE user change Truncate_versioning_priv Delete_history_priv enum('N','Y') COLLATE utf8_general_ci NOT NULL DEFAULT 'N'
		    16 Query	ALTER TABLE db change Truncate_versioning_priv Delete_history_priv enum('N','Y') COLLATE utf8_general_ci NOT NULL DEFAULT 'N'
		    16 Query	SET @had_user_delete_history_priv := 0
		    16 Query	SELECT @had_user_delete_history_priv :=1 FROM user WHERE Delete_history_priv LIKE '%'
		    16 Query	ALTER TABLE user add Delete_history_priv enum('N','Y') COLLATE utf8_general_ci NOT NULL DEFAULT 'N' after Create_tablespace_priv
		    16 Query	ALTER TABLE user modify Delete_history_priv enum('N','Y') COLLATE utf8_general_ci NOT NULL DEFAULT 'N'
		    16 Query	ALTER TABLE db add Delete_history_priv enum('N','Y') COLLATE utf8_general_ci NOT NULL DEFAULT 'N' after Trigger_priv
		    16 Query	ALTER TABLE db modify Delete_history_priv enum('N','Y') COLLATE utf8_general_ci NOT NULL DEFAULT 'N'
		    16 Query	UPDATE user SET Delete_history_priv = Super_priv WHERE @had_user_delete_history_priv = 0
		    16 Query	ALTER TABLE user ADD plugin char(64) CHARACTER SET latin1 DEFAULT '' NOT NULL AFTER max_user_connections,
                 ADD authentication_string TEXT NOT NULL AFTER plugin
		    16 Query	ALTER TABLE user CHANGE auth_string authentication_string TEXT NOT NULL
		    16 Query	ALTER TABLE user ADD password_expired ENUM('N', 'Y') COLLATE utf8_general_ci DEFAULT 'N' NOT NULL AFTER authentication_string
		    16 Query	ALTER TABLE user ADD is_role enum('N', 'Y') COLLATE utf8_general_ci DEFAULT 'N' NOT NULL AFTER password_expired
		    16 Query	ALTER TABLE user ADD default_role char(80) binary DEFAULT '' NOT NULL AFTER is_role
		    16 Query	ALTER TABLE user ADD max_statement_time decimal(12,6) DEFAULT 0 NOT NULL AFTER default_role
		    16 Query	ALTER TABLE user MODIFY plugin char(64) CHARACTER SET latin1 DEFAULT '' NOT NULL AFTER max_user_connections,
                 MODIFY authentication_string TEXT NOT NULL AFTER plugin,
                 MODIFY password_expired ENUM('N', 'Y') COLLATE utf8_general_ci DEFAULT 'N' NOT NULL AFTER authentication_string,
                 MODIFY is_role enum('N', 'Y') COLLATE utf8_general_ci DEFAULT 'N' NOT NULL AFTER password_expired,
                 MODIFY default_role char(80) binary DEFAULT '' NOT NULL AFTER is_role,
                 MODIFY max_statement_time decimal(12,6) DEFAULT 0 NOT NULL AFTER default_role,
                 MODIFY IF EXISTS password_last_changed timestamp DEFAULT CURRENT_TIMESTAMP ON UPDATE CURRENT_TIMESTAMP AFTER max_statement_time,
                 MODIFY IF EXISTS password_lifetime smallint unsigned DEFAULT NULL AFTER password_last_changed,
                 MODIFY IF EXISTS account_locked enum('N', 'Y') CHARACTER SET utf8 DEFAULT 'N' NOT NULL after password_lifetime
210719 14:24:00	    16 Query	CREATE TEMPORARY TABLE tmp_proxies_priv LIKE proxies_priv
		    16 Query	INSERT INTO tmp_proxies_priv VALUES ('localhost', 'root', '', '', TRUE, '', now())
		    16 Query	INSERT INTO proxies_priv SELECT * FROM tmp_proxies_priv WHERE @had_proxies_priv_table=0
		    16 Query	DROP TABLE tmp_proxies_priv
		    16 Query	DROP PROCEDURE IF EXISTS mysql.count_duplicate_host_names
		    16 Query	CREATE PROCEDURE mysql.count_duplicate_host_names()
BEGIN
  SET @duplicate_hosts=(SELECT count(*) FROM mysql.user GROUP BY user, lower(host) HAVING count(*) > 1 LIMIT 1);
  IF @duplicate_hosts > 1 THEN
    SIGNAL SQLSTATE '45000'  SET MESSAGE_TEXT = 'Multiple accounts exist for @user_name, @host_name that differ only in Host lettercase; remove all except one of them';
  END IF;
END
		    16 Query	CALL mysql.count_duplicate_host_names()
		    16 Query	SHOW WARNINGS
		    16 Query	DROP PROCEDURE mysql.count_duplicate_host_names
		    16 Query	UPDATE user SET host=LOWER( host ) WHERE LOWER( host ) <> host
		    16 Query	set @str="delete from innodb_index_stats where length(table_name) > 64"
		    16 Query	set @str=if(@have_innodb <> 0, @str, "set @dummy = 0")
		    16 Query	prepare stmt from @str
		    16 Prepare	delete from innodb_index_stats where length(table_name) > 64
		    16 Query	execute stmt
		    16 Execute	delete from innodb_index_stats where length(table_name) > 64
		    16 Query	set @str=replace(@str, "innodb_index_stats", "innodb_table_stats")
		    16 Query	prepare stmt from @str
		    16 Prepare	delete from innodb_table_stats where length(table_name) > 64
		    16 Query	execute stmt
		    16 Execute	delete from innodb_table_stats where length(table_name) > 64
		    16 Query	set @str="alter table mysql.innodb_index_stats modify last_update timestamp not null default current_timestamp on update current_timestamp, modify table_name varchar(199)"
		    16 Query	set @str=if(@have_innodb <> 0, @str, "set @dummy = 0")
		    16 Query	prepare stmt from @str
		    16 Prepare	alter table mysql.innodb_index_stats modify last_update timestamp not null default current_timestamp on update current_timestamp, modify table_name varchar(199)
		    16 Query	execute stmt
		    16 Execute	alter table mysql.innodb_index_stats modify last_update timestamp not null default current_timestamp on update current_timestamp, modify table_name varchar(199)
		    16 Query	set @str="alter table mysql.innodb_table_stats modify last_update timestamp not null default current_timestamp on update current_timestamp, modify table_name varchar(199)"
		    16 Query	set @str=if(@have_innodb <> 0, @str, "set @dummy = 0")
		    16 Query	prepare stmt from @str
		    16 Prepare	alter table mysql.innodb_table_stats modify last_update timestamp not null default current_timestamp on update current_timestamp, modify table_name varchar(199)
		    16 Query	execute stmt
		    16 Execute	alter table mysql.innodb_table_stats modify last_update timestamp not null default current_timestamp on update current_timestamp, modify table_name varchar(199)
		    16 Query	set @str=replace(@str, "innodb_index_stats", "innodb_table_stats")
		    16 Query	prepare stmt from @str
		    16 Prepare	alter table mysql.innodb_table_stats modify last_update timestamp not null default current_timestamp on update current_timestamp, modify table_name varchar(199)
		    16 Query	execute stmt
		    16 Execute	alter table mysql.innodb_table_stats modify last_update timestamp not null default current_timestamp on update current_timestamp, modify table_name varchar(199)
		    16 Query	SET @innodb_index_stats_fk= (select count(*) from information_schema.referential_constraints where constraint_schema='mysql' and table_name = 'innodb_index_stats' and referenced_table_name = 'innodb_table_stats' and constraint_name = 'innodb_index_stats_ibfk_1')
		    16 Query	SET @str=IF(@innodb_index_stats_fk > 0 and @have_innodb > 0, "ALTER TABLE mysql.innodb_index_stats DROP FOREIGN KEY `innodb_index_stats_ibfk_1`", "SET @dummy = 0")
		    16 Query	PREPARE stmt FROM @str
		    16 Prepare	SET @dummy = 0
		    16 Query	EXECUTE stmt
		    16 Execute	SET @dummy = 0
		    16 Query	DROP PREPARE stmt
		    16 Query	alter table user         modify User         char(80)  binary not null default ''
		    16 Query	alter table db           modify User         char(80)  binary not null default ''
		    16 Query	alter table tables_priv  modify User         char(80)  binary not null default ''
		    16 Query	alter table columns_priv modify User         char(80)  binary not null default ''
		    16 Query	alter table procs_priv   modify User         char(80)  binary not null default ''
		    16 Query	alter table proc         modify definer      char(141) collate utf8_bin not null default ''
		    16 Query	alter table event        modify definer      char(141) collate utf8_bin not null default ''
		    16 Query	alter table proxies_priv modify User         char(80)  COLLATE utf8_bin not null default ''
		    16 Query	alter table proxies_priv modify Proxied_user char(80)  COLLATE utf8_bin not null default ''
		    16 Query	alter table proxies_priv modify Grantor      char(141) COLLATE utf8_bin not null default ''
		    16 Query	alter table servers      modify Username     char(80)                   not null default ''
		    16 Query	alter table procs_priv   modify Grantor      char(141) COLLATE utf8_bin not null default ''
		    16 Query	alter table tables_priv  modify Grantor      char(141) COLLATE utf8_bin not null default ''
		    16 Query	ALTER TABLE help_category MODIFY url TEXT NOT NULL
		    16 Query	ALTER TABLE help_topic MODIFY url TEXT NOT NULL
		    16 Query	alter table column_stats modify min_value varbinary(255) DEFAULT NULL, modify max_value varbinary(255) DEFAULT NULL
		    16 Query	set @have_old_pfs= (select count(*) from information_schema.schemata where schema_name='performance_schema')
		    16 Query	SET @cmd="SET @broken_tables = (select count(*) from information_schema.tables  where engine != 'PERFORMANCE_SCHEMA' and table_schema='performance_schema')"
		    16 Query	SET @str = IF(@have_old_pfs = 1, @cmd, 'SET @broken_tables = 0')
		    16 Query	PREPARE stmt FROM @str
		    16 Prepare	SET @broken_tables = (select count(*) from information_schema.tables  where engine != 'PERFORMANCE_SCHEMA' and table_schema='performance_schema')
		    16 Query	EXECUTE stmt
		    16 Execute	SET @broken_tables = (select count(*) from information_schema.tables  where engine != 'PERFORMANCE_SCHEMA' and table_schema='performance_schema')
		    16 Query	DROP PREPARE stmt
		    16 Query	SET @cmd="SET @broken_views = (select count(*) from information_schema.views where table_schema='performance_schema')"
		    16 Query	SET @str = IF(@have_old_pfs = 1, @cmd, 'SET @broken_views = 0')
		    16 Query	PREPARE stmt FROM @str
		    16 Prepare	SET @broken_views = (select count(*) from information_schema.views where table_schema='performance_schema')
		    16 Query	EXECUTE stmt
		    16 Execute	SET @broken_views = (select count(*) from information_schema.views where table_schema='performance_schema')
		    16 Query	DROP PREPARE stmt
		    16 Query	SET @broken_routines = (select count(*) from mysql.proc where db='performance_schema')
		    16 Query	SET @broken_events = (select count(*) from mysql.event where db='performance_schema')
		    16 Query	SET @broken_pfs= (select @broken_tables + @broken_views + @broken_routines + @broken_events)
		    16 Query	SET @cmd= "DROP DATABASE IF EXISTS performance_schema"
		    16 Query	SET @str = IF(@broken_pfs = 0, @cmd, 'SET @dummy = 0')
		    16 Query	PREPARE stmt FROM @str
		    16 Prepare	DROP DATABASE IF EXISTS performance_schema
		    16 Query	EXECUTE stmt
		    16 Execute	DROP DATABASE IF EXISTS performance_schema
		    16 Query	DROP PREPARE stmt
		    16 Query	SET @cmd= "CREATE DATABASE performance_schema character set utf8"
		    16 Query	SET @str = IF(@broken_pfs = 0, @cmd, 'SET @dummy = 0')
		    16 Query	PREPARE stmt FROM @str
		    16 Prepare	CREATE DATABASE performance_schema character set utf8
		    16 Query	EXECUTE stmt
		    16 Execute	CREATE DATABASE performance_schema character set utf8
		    16 Query	DROP PREPARE stmt
		    16 Quit	
		    17 Connect	root@localhost as anonymous on 
		    17 Query	SET WSREP_ON=0
		    17 Query	SET SQL_LOG_BIN=0
		    17 Query	SHOW DATABASES
		    17 Init DB	mysql
		    17 Query	SHOW /*!50002 FULL*/ TABLES
		    17 Quit	
		    18 Connect	root@localhost as anonymous on 
		    18 Query	SET WSREP_ON=0
		    18 Query	SET SQL_LOG_BIN=0
		    18 Query	SHOW DATABASES
		    18 Quit	
		    19 Connect	root@localhost as anonymous on mysql
		    19 Query	SET SQL_LOG_BIN=0, WSREP_ON=OFF
		    19 Query	SELECT COUNT(*) AS c1 FROM mysql.slave_master_info
		    19 Quit	
		    20 Connect	root@localhost as anonymous on mysql
		    20 Query	SET SQL_LOG_BIN=0, WSREP_ON=OFF
		    20 Query	SELECT COUNT(*) AS c1 FROM mysql.slave_relay_log_info
		    20 Quit	
		    21 Connect	root@localhost as anonymous on mysql
		    21 Query	SET SQL_LOG_BIN=0, WSREP_ON=OFF
		    21 Query	FLUSH PRIVILEGES
		    21 Quit	
		    22 Connect	root@localhost as anonymous on mysql
		    22 Query	SET SQL_LOG_BIN=0, WSREP_ON=OFF
		    22 Query	show variables like 'datadir'
		    22 Quit	
		    23 Connect	root@localhost as anonymous on mysql
		    23 Query	SET SQL_LOG_BIN=0, WSREP_ON=OFF
		    23 Query	show variables like 'datadir'
		    23 Quit	
		    24 Connect	root@localhost as anonymous on 
		    24 Query	SELECT count(*) FROM mysql.user WHERE user='root' and password='' and plugin=''
		    24 Quit	
		    25 Connect	root@localhost as anonymous on 
		    25 Query	select concat('select count(*) into @discard from `',
                    TABLE_SCHEMA, '`.`', TABLE_NAME, '`') 
      from information_schema.TABLES where TABLE_SCHEMA<>'INFORMATION_SCHEMA' and TABLE_SCHEMA<>'PERFORMANCE_SCHEMA' and ( ENGINE='MyISAM' or ENGINE='Aria' )
		    25 Quit	
		    26 Connect	root@localhost as anonymous on 
		    26 Query	select count(*) into @discard from `mysql`.`column_stats`
		    26 Quit	
		    27 Connect	root@localhost as anonymous on 
		    27 Query	select count(*) into @discard from `mysql`.`columns_priv`
		    27 Quit	
		    28 Connect	root@localhost as anonymous on 
		    28 Query	select count(*) into @discard from `mysql`.`db`
		    28 Quit	
		    29 Connect	root@localhost as anonymous on 
		    29 Query	select count(*) into @discard from `mysql`.`event`
		    29 Quit	
		    30 Connect	root@localhost as anonymous on 
		    30 Query	select count(*) into @discard from `mysql`.`func`
		    30 Quit	
		    31 Connect	root@localhost as anonymous on 
		    31 Query	select count(*) into @discard from `mysql`.`help_category`
		    31 Quit	
		    32 Connect	root@localhost as anonymous on 
		    32 Query	select count(*) into @discard from `mysql`.`help_keyword`
		    32 Quit	
		    33 Connect	root@localhost as anonymous on 
		    33 Query	select count(*) into @discard from `mysql`.`help_relation`
		    33 Quit	
		    34 Connect	root@localhost as anonymous on 
		    34 Query	select count(*) into @discard from `mysql`.`help_topic`
		    34 Quit	
		    35 Connect	root@localhost as anonymous on 
		    35 Query	select count(*) into @discard from `mysql`.`host`
		    35 Quit	
		    36 Connect	root@localhost as anonymous on 
		    36 Query	select count(*) into @discard from `mysql`.`index_stats`
		    36 Quit	
		    37 Connect	root@localhost as anonymous on 
		    37 Query	select count(*) into @discard from `mysql`.`plugin`
		    37 Quit	
		    38 Connect	root@localhost as anonymous on 
		    38 Query	select count(*) into @discard from `mysql`.`proc`
		    38 Quit	
		    39 Connect	root@localhost as anonymous on 
		    39 Query	select count(*) into @discard from `mysql`.`procs_priv`
		    39 Quit	
		    40 Connect	root@localhost as anonymous on 
		    40 Query	select count(*) into @discard from `mysql`.`proxies_priv`
		    40 Quit	
		    41 Connect	root@localhost as anonymous on 
		    41 Query	select count(*) into @discard from `mysql`.`roles_mapping`
		    41 Quit	
		    42 Connect	root@localhost as anonymous on 
		    42 Query	select count(*) into @discard from `mysql`.`servers`
		    42 Quit	
		    43 Connect	root@localhost as anonymous on 
		    43 Query	select count(*) into @discard from `mysql`.`table_stats`
		    43 Quit	
		    44 Connect	root@localhost as anonymous on 
		    44 Query	select count(*) into @discard from `mysql`.`tables_priv`
		    44 Quit	
		    45 Connect	root@localhost as anonymous on 
		    45 Query	select count(*) into @discard from `mysql`.`time_zone`
		    45 Quit	
		    46 Connect	root@localhost as anonymous on 
		    46 Query	select count(*) into @discard from `mysql`.`time_zone_leap_second`
		    46 Quit	
		    47 Connect	root@localhost as anonymous on 
		    47 Query	select count(*) into @discard from `mysql`.`time_zone_name`
		    47 Quit	
		    48 Connect	root@localhost as anonymous on 
		    48 Query	select count(*) into @discard from `mysql`.`time_zone_transition`
		    48 Quit	
		    49 Connect	root@localhost as anonymous on 
		    49 Query	select count(*) into @discard from `mysql`.`time_zone_transition_type`
		    49 Quit	
		    50 Connect	root@localhost as anonymous on 
		    50 Query	select count(*) into @discard from `mysql`.`user`
		    50 Quit	
210719 14:24:02	    51 Connect	root@localhost as anonymous on 
		    51 Query	CREATE DATABASE IF NOT EXISTS wp_databse DEFAULT CHARACTER SET utf8 COLLATE utf8_unicode_ci
		    51 Quit	
		    52 Connect	root@localhost as anonymous on 
		    52 Query	CREATE USER IF NOT EXISTS 'barodrig'@'%' IDENTIFIED BY 'amazingevaluator'
		    52 Quit	
		    53 Connect	root@localhost as anonymous on 
		    53 Query	GRANT ALL ON wp_databse .* TO ''@'%'
		    53 Quit	
		    54 Connect	root@localhost as anonymous on 
		    54 Query	FLUSH PRIVILEGES
		    54 Quit	
		    55 Connect	root@localhost as anonymous on 
		    55 Quit	
		    56 Connect	root@localhost as anonymous on 
		    56 Query	SHOW VARIABLES LIKE 'pid_file'
		    56 Shutdown	
/usr/sbin/mysqld, Version: 10.3.29-MariaDB-0+deb10u1-log (Debian 10). started with:
Tcp port: 3306  Unix socket: (null)
Time		    Id Command	Argument
