210720 13:03:37 mysqld_safe Starting mysqld daemon with databases from /var/lib/mysql
2021-07-20 13:03:37 0 [Note] /usr/sbin/mysqld (mysqld 10.3.29-MariaDB-0+deb10u1-log) starting as process 121 ...
2021-07-20 13:03:37 0 [Warning] Setting lower_case_table_names=2 because file system for /var/lib/mysql/ is case insensitive
2021-07-20 13:03:37 0 [Note] InnoDB: Using Linux native AIO
2021-07-20 13:03:37 0 [Note] InnoDB: Mutexes and rw_locks use GCC atomic builtins
2021-07-20 13:03:37 0 [Note] InnoDB: Uses event mutexes
2021-07-20 13:03:37 0 [Note] InnoDB: Compressed tables use zlib 1.2.11
2021-07-20 13:03:37 0 [Note] InnoDB: Number of pools: 1
2021-07-20 13:03:37 0 [Note] InnoDB: Using SSE2 crc32 instructions
2021-07-20 13:03:37 0 [Note] InnoDB: Initializing buffer pool, total size = 128M, instances = 1, chunk size = 128M
2021-07-20 13:03:37 0 [Note] InnoDB: Completed initialization of buffer pool
2021-07-20 13:03:37 0 [Note] InnoDB: If the mysqld execution user is authorized, page cleaner thread priority can be changed. See the man page of setpriority().
2021-07-20 13:03:37 0 [Note] InnoDB: Starting crash recovery from checkpoint LSN=1626186
2021-07-20 13:03:37 0 [Note] InnoDB: 128 out of 128 rollback segments are active.
2021-07-20 13:03:37 0 [Note] InnoDB: Removed temporary tablespace data file: "ibtmp1"
2021-07-20 13:03:37 0 [Note] InnoDB: Creating shared tablespace for temporary tables
2021-07-20 13:03:37 0 [Note] InnoDB: Setting file './ibtmp1' size to 12 MB. Physically writing the file full; Please wait ...
2021-07-20 13:03:37 0 [Note] InnoDB: File './ibtmp1' size is now 12 MB.
2021-07-20 13:03:37 0 [Note] InnoDB: 10.3.29 started; log sequence number 1626195; transaction id 20
2021-07-20 13:03:37 0 [Note] InnoDB: Loading buffer pool(s) from /var/lib/mysql/ib_buffer_pool
2021-07-20 13:03:37 0 [Note] Plugin 'FEEDBACK' is disabled.
2021-07-20 13:03:37 0 [Note] Recovering after a crash using tc.log
2021-07-20 13:03:37 0 [Note] Starting crash recovery...
2021-07-20 13:03:37 0 [Note] Crash recovery finished.
2021-07-20 13:03:37 0 [Note] InnoDB: Buffer pool(s) load completed at 210720 13:03:37
2021-07-20 13:03:37 0 [Note] Server socket created on IP: '0.0.0.0'.
2021-07-20 13:03:37 0 [Note] Reading of all Master_info entries succeeded
2021-07-20 13:03:37 0 [Note] Added new Master_info '' to hash table
2021-07-20 13:03:37 0 [Note] /usr/sbin/mysqld: ready for connections.
Version: '10.3.29-MariaDB-0+deb10u1-log'  socket: '/var/run/mysqld/mysqld.sock'  port: 3306  Debian 10
2021-07-20 13:03:38 8 [Warning] Access denied for user 'root'@'localhost' (using password: NO)
2021-07-20 13:03:38 9 [Warning] Access denied for user 'root'@'localhost' (using password: NO)
2021-07-20 13:03:38 10 [Warning] Access denied for user 'root'@'localhost' (using password: NO)
2021-07-20 13:03:38 11 [Warning] Access denied for user 'root'@'localhost' (using password: NO)
2021-07-20 13:03:38 12 [Warning] Access denied for user 'root'@'localhost' (using password: NO)
2021-07-20 13:03:44 13 [Warning] Access denied for user 'root'@'localhost' (using password: NO)
2021-07-20 13:03:44 14 [Warning] Access denied for user 'root'@'localhost' (using password: NO)
2021-07-20 13:03:44 15 [Warning] Access denied for user 'root'@'localhost' (using password: NO)
2021-07-20 13:03:44 16 [Warning] Access denied for user 'root'@'localhost' (using password: NO)
2021-07-20 13:03:44 17 [Warning] Access denied for user 'root'@'localhost' (using password: NO)
2021-07-20 13:03:44 18 [Warning] Access denied for user 'root'@'localhost' (using password: NO)
210720 13:05:58 mysqld_safe Starting mysqld daemon with databases from /var/lib/mysql
2021-07-20 13:05:58 0 [Note] /usr/sbin/mysqld (mysqld 10.3.29-MariaDB-0+deb10u1-log) starting as process 123 ...
2021-07-20 13:05:58 0 [Warning] Setting lower_case_table_names=2 because file system for /var/lib/mysql/ is case insensitive
2021-07-20 13:05:58 0 [Note] InnoDB: Using Linux native AIO
2021-07-20 13:05:58 0 [Note] InnoDB: Mutexes and rw_locks use GCC atomic builtins
2021-07-20 13:05:58 0 [Note] InnoDB: Uses event mutexes
2021-07-20 13:05:58 0 [Note] InnoDB: Compressed tables use zlib 1.2.11
2021-07-20 13:05:58 0 [Note] InnoDB: Number of pools: 1
2021-07-20 13:05:58 0 [Note] InnoDB: Using SSE2 crc32 instructions
2021-07-20 13:05:58 0 [Note] InnoDB: Initializing buffer pool, total size = 128M, instances = 1, chunk size = 128M
2021-07-20 13:05:58 0 [Note] InnoDB: Completed initialization of buffer pool
2021-07-20 13:05:58 0 [Note] InnoDB: If the mysqld execution user is authorized, page cleaner thread priority can be changed. See the man page of setpriority().
2021-07-20 13:05:58 0 [Note] InnoDB: Starting crash recovery from checkpoint LSN=1626204
2021-07-20 13:05:58 0 [Note] InnoDB: 128 out of 128 rollback segments are active.
2021-07-20 13:05:58 0 [Note] InnoDB: Removed temporary tablespace data file: "ibtmp1"
2021-07-20 13:05:58 0 [Note] InnoDB: Creating shared tablespace for temporary tables
2021-07-20 13:05:58 0 [Note] InnoDB: Setting file './ibtmp1' size to 12 MB. Physically writing the file full; Please wait ...
2021-07-20 13:05:58 0 [Note] InnoDB: File './ibtmp1' size is now 12 MB.
2021-07-20 13:05:58 0 [Note] InnoDB: 10.3.29 started; log sequence number 1626213; transaction id 20
2021-07-20 13:05:58 0 [Note] InnoDB: Loading buffer pool(s) from /var/lib/mysql/ib_buffer_pool
2021-07-20 13:05:58 0 [Note] Plugin 'FEEDBACK' is disabled.
2021-07-20 13:05:58 0 [Note] Recovering after a crash using tc.log
2021-07-20 13:05:58 0 [Note] Starting crash recovery...
2021-07-20 13:05:58 0 [Note] Crash recovery finished.
2021-07-20 13:05:58 0 [Note] InnoDB: Buffer pool(s) load completed at 210720 13:05:58
2021-07-20 13:05:58 0 [Note] Server socket created on IP: '0.0.0.0'.
2021-07-20 13:05:58 0 [Note] Reading of all Master_info entries succeeded
2021-07-20 13:05:58 0 [Note] Added new Master_info '' to hash table
2021-07-20 13:05:58 0 [Note] /usr/sbin/mysqld: ready for connections.
Version: '10.3.29-MariaDB-0+deb10u1-log'  socket: '/var/run/mysqld/mysqld.sock'  port: 3306  Debian 10
2021-07-20 13:05:59 8 [Warning] Access denied for user 'root'@'localhost' (using password: NO)
2021-07-20 13:05:59 9 [Warning] Access denied for user 'root'@'localhost' (using password: NO)
2021-07-20 13:05:59 10 [Warning] Access denied for user 'root'@'localhost' (using password: NO)
2021-07-20 13:05:59 11 [Warning] Access denied for user 'root'@'localhost' (using password: NO)
2021-07-20 13:05:59 12 [Warning] Access denied for user 'root'@'localhost' (using password: NO)
2021-07-20 13:06:05 13 [Warning] Access denied for user 'root'@'localhost' (using password: NO)
2021-07-20 13:06:05 14 [Warning] Access denied for user 'root'@'localhost' (using password: NO)
2021-07-20 13:06:05 15 [Warning] Access denied for user 'root'@'localhost' (using password: NO)
2021-07-20 13:06:05 16 [Warning] Access denied for user 'root'@'localhost' (using password: NO)
2021-07-20 13:06:05 17 [Warning] Access denied for user 'root'@'localhost' (using password: NO)
2021-07-20 13:06:05 18 [Warning] Access denied for user 'root'@'localhost' (using password: NO)
