210720 12:59:30 mysqld_safe Starting mysqld daemon with databases from /var/lib/mysql
2021-07-20 12:59:30 0 [Note] /usr/sbin/mysqld (mysqld 10.3.29-MariaDB-0+deb10u1-log) starting as process 123 ...
2021-07-20 12:59:30 0 [Warning] Setting lower_case_table_names=2 because file system for /var/lib/mysql/ is case insensitive
2021-07-20 12:59:30 0 [Note] InnoDB: Using Linux native AIO
2021-07-20 12:59:30 0 [Note] InnoDB: Mutexes and rw_locks use GCC atomic builtins
2021-07-20 12:59:30 0 [Note] InnoDB: Uses event mutexes
2021-07-20 12:59:30 0 [Note] InnoDB: Compressed tables use zlib 1.2.11
2021-07-20 12:59:30 0 [Note] InnoDB: Number of pools: 1
2021-07-20 12:59:30 0 [Note] InnoDB: Using SSE2 crc32 instructions
2021-07-20 12:59:30 0 [Note] InnoDB: Initializing buffer pool, total size = 128M, instances = 1, chunk size = 128M
2021-07-20 12:59:30 0 [Note] InnoDB: Completed initialization of buffer pool
2021-07-20 12:59:30 0 [Note] InnoDB: If the mysqld execution user is authorized, page cleaner thread priority can be changed. See the man page of setpriority().
2021-07-20 12:59:30 0 [Note] InnoDB: Starting crash recovery from checkpoint LSN=1626150
2021-07-20 12:59:30 0 [Note] InnoDB: 128 out of 128 rollback segments are active.
2021-07-20 12:59:30 0 [Note] InnoDB: Removed temporary tablespace data file: "ibtmp1"
2021-07-20 12:59:30 0 [Note] InnoDB: Creating shared tablespace for temporary tables
2021-07-20 12:59:30 0 [Note] InnoDB: Setting file './ibtmp1' size to 12 MB. Physically writing the file full; Please wait ...
2021-07-20 12:59:30 0 [Note] InnoDB: File './ibtmp1' size is now 12 MB.
2021-07-20 12:59:30 0 [Note] InnoDB: 10.3.29 started; log sequence number 1626159; transaction id 20
2021-07-20 12:59:30 0 [Note] InnoDB: Loading buffer pool(s) from /var/lib/mysql/ib_buffer_pool
2021-07-20 12:59:30 0 [Note] Plugin 'FEEDBACK' is disabled.
2021-07-20 12:59:30 0 [Note] Recovering after a crash using tc.log
2021-07-20 12:59:30 0 [Note] Starting crash recovery...
2021-07-20 12:59:30 0 [Note] Crash recovery finished.
2021-07-20 12:59:30 0 [Note] InnoDB: Buffer pool(s) load completed at 210720 12:59:30
2021-07-20 12:59:30 0 [Note] Server socket created on IP: '0.0.0.0'.
2021-07-20 12:59:30 0 [Note] Reading of all Master_info entries succeeded
2021-07-20 12:59:30 0 [Note] Added new Master_info '' to hash table
2021-07-20 12:59:30 0 [Note] /usr/sbin/mysqld: ready for connections.
Version: '10.3.29-MariaDB-0+deb10u1-log'  socket: '/var/run/mysqld/mysqld.sock'  port: 3306  Debian 10
2021-07-20 12:59:31 8 [Warning] Access denied for user 'root'@'localhost' (using password: NO)
2021-07-20 12:59:31 9 [Warning] Access denied for user 'root'@'localhost' (using password: NO)
2021-07-20 12:59:31 10 [Warning] Access denied for user 'root'@'localhost' (using password: NO)
2021-07-20 12:59:31 11 [Warning] Access denied for user 'root'@'localhost' (using password: NO)
2021-07-20 12:59:31 12 [Warning] Access denied for user 'root'@'localhost' (using password: NO)
2021-07-20 12:59:37 13 [Warning] Access denied for user 'root'@'localhost' (using password: NO)
2021-07-20 12:59:37 14 [Warning] Access denied for user 'root'@'localhost' (using password: NO)
2021-07-20 12:59:37 15 [Warning] Access denied for user 'root'@'localhost' (using password: NO)
2021-07-20 12:59:37 16 [Warning] Access denied for user 'root'@'localhost' (using password: NO)
2021-07-20 12:59:37 17 [Warning] Access denied for user 'root'@'localhost' (using password: NO)
2021-07-20 12:59:37 18 [Warning] Access denied for user 'root'@'localhost' (using password: NO)
210720 12:59:37 mysqld_safe Starting mysqld daemon with databases from /var/lib/mysql
2021-07-20 12:59:37 0 [Note] /usr/sbin/mysqld (mysqld 10.3.29-MariaDB-0+deb10u1-log) starting as process 310 ...
2021-07-20 12:59:37 0 [Warning] Setting lower_case_table_names=2 because file system for /var/lib/mysql/ is case insensitive
2021-07-20 12:59:37 0 [ERROR] mysqld: Can't lock aria control file '/var/lib/mysql/aria_log_control' for exclusive use, error: 11. Will retry for 30 seconds
2021-07-20 13:00:08 0 [ERROR] mysqld: Got error 'Could not get an exclusive lock; file is probably in use by another process' when trying to use aria control file '/var/lib/mysql/aria_log_control'
2021-07-20 13:00:08 0 [ERROR] Plugin 'Aria' init function returned error.
2021-07-20 13:00:08 0 [ERROR] Plugin 'Aria' registration as a STORAGE ENGINE failed.
2021-07-20 13:00:08 0 [Note] InnoDB: Using Linux native AIO
2021-07-20 13:00:08 0 [Note] InnoDB: Mutexes and rw_locks use GCC atomic builtins
2021-07-20 13:00:08 0 [Note] InnoDB: Uses event mutexes
2021-07-20 13:00:08 0 [Note] InnoDB: Compressed tables use zlib 1.2.11
2021-07-20 13:00:08 0 [Note] InnoDB: Number of pools: 1
2021-07-20 13:00:08 0 [Note] InnoDB: Using SSE2 crc32 instructions
2021-07-20 13:00:08 0 [Note] InnoDB: Initializing buffer pool, total size = 128M, instances = 1, chunk size = 128M
2021-07-20 13:00:08 0 [Note] InnoDB: Completed initialization of buffer pool
2021-07-20 13:00:08 0 [Note] InnoDB: If the mysqld execution user is authorized, page cleaner thread priority can be changed. See the man page of setpriority().
2021-07-20 13:00:08 0 [ERROR] InnoDB: Unable to lock ./ibdata1 error: 11
2021-07-20 13:00:08 0 [Note] InnoDB: Check that you do not already have another mysqld process using the same InnoDB data or log files.
2021-07-20 13:00:08 0 [Note] InnoDB: Retrying to lock the first data file
2021-07-20 13:00:09 0 [ERROR] InnoDB: Unable to lock ./ibdata1 error: 11
2021-07-20 13:00:09 0 [Note] InnoDB: Check that you do not already have another mysqld process using the same InnoDB data or log files.
2021-07-20 13:00:10 0 [ERROR] InnoDB: Unable to lock ./ibdata1 error: 11
2021-07-20 13:00:10 0 [Note] InnoDB: Check that you do not already have another mysqld process using the same InnoDB data or log files.
2021-07-20 13:00:11 0 [ERROR] InnoDB: Unable to lock ./ibdata1 error: 11
2021-07-20 13:00:11 0 [Note] InnoDB: Check that you do not already have another mysqld process using the same InnoDB data or log files.
2021-07-20 13:00:12 0 [ERROR] InnoDB: Unable to lock ./ibdata1 error: 11
2021-07-20 13:00:12 0 [Note] InnoDB: Check that you do not already have another mysqld process using the same InnoDB data or log files.
2021-07-20 13:00:13 0 [ERROR] InnoDB: Unable to lock ./ibdata1 error: 11
2021-07-20 13:00:13 0 [Note] InnoDB: Check that you do not already have another mysqld process using the same InnoDB data or log files.
2021-07-20 13:00:14 0 [ERROR] InnoDB: Unable to lock ./ibdata1 error: 11
2021-07-20 13:00:14 0 [Note] InnoDB: Check that you do not already have another mysqld process using the same InnoDB data or log files.
2021-07-20 13:00:15 0 [ERROR] InnoDB: Unable to lock ./ibdata1 error: 11
2021-07-20 13:00:15 0 [Note] InnoDB: Check that you do not already have another mysqld process using the same InnoDB data or log files.
2021-07-20 13:00:16 0 [ERROR] InnoDB: Unable to lock ./ibdata1 error: 11
2021-07-20 13:00:16 0 [Note] InnoDB: Check that you do not already have another mysqld process using the same InnoDB data or log files.
2021-07-20 13:00:17 0 [ERROR] InnoDB: Unable to lock ./ibdata1 error: 11
2021-07-20 13:00:17 0 [Note] InnoDB: Check that you do not already have another mysqld process using the same InnoDB data or log files.
2021-07-20 13:00:18 0 [ERROR] InnoDB: Unable to lock ./ibdata1 error: 11
2021-07-20 13:00:18 0 [Note] InnoDB: Check that you do not already have another mysqld process using the same InnoDB data or log files.
2021-07-20 13:00:19 0 [ERROR] InnoDB: Unable to lock ./ibdata1 error: 11
2021-07-20 13:00:19 0 [Note] InnoDB: Check that you do not already have another mysqld process using the same InnoDB data or log files.
2021-07-20 13:00:20 0 [ERROR] InnoDB: Unable to lock ./ibdata1 error: 11
2021-07-20 13:00:20 0 [Note] InnoDB: Check that you do not already have another mysqld process using the same InnoDB data or log files.
2021-07-20 13:00:21 0 [ERROR] InnoDB: Unable to lock ./ibdata1 error: 11
2021-07-20 13:00:21 0 [Note] InnoDB: Check that you do not already have another mysqld process using the same InnoDB data or log files.
2021-07-20 13:00:22 0 [ERROR] InnoDB: Unable to lock ./ibdata1 error: 11
2021-07-20 13:00:22 0 [Note] InnoDB: Check that you do not already have another mysqld process using the same InnoDB data or log files.
2021-07-20 13:00:23 0 [ERROR] InnoDB: Unable to lock ./ibdata1 error: 11
2021-07-20 13:00:23 0 [Note] InnoDB: Check that you do not already have another mysqld process using the same InnoDB data or log files.
2021-07-20 13:00:24 0 [ERROR] InnoDB: Unable to lock ./ibdata1 error: 11
2021-07-20 13:00:24 0 [Note] InnoDB: Check that you do not already have another mysqld process using the same InnoDB data or log files.
2021-07-20 13:00:25 0 [ERROR] InnoDB: Unable to lock ./ibdata1 error: 11
2021-07-20 13:00:25 0 [Note] InnoDB: Check that you do not already have another mysqld process using the same InnoDB data or log files.
2021-07-20 13:00:26 0 [ERROR] InnoDB: Unable to lock ./ibdata1 error: 11
2021-07-20 13:00:26 0 [Note] InnoDB: Check that you do not already have another mysqld process using the same InnoDB data or log files.
2021-07-20 13:00:27 0 [ERROR] InnoDB: Unable to lock ./ibdata1 error: 11
2021-07-20 13:00:27 0 [Note] InnoDB: Check that you do not already have another mysqld process using the same InnoDB data or log files.
2021-07-20 13:00:28 0 [ERROR] InnoDB: Unable to lock ./ibdata1 error: 11
2021-07-20 13:00:28 0 [Note] InnoDB: Check that you do not already have another mysqld process using the same InnoDB data or log files.
2021-07-20 13:00:29 0 [ERROR] InnoDB: Unable to lock ./ibdata1 error: 11
2021-07-20 13:00:29 0 [Note] InnoDB: Check that you do not already have another mysqld process using the same InnoDB data or log files.
2021-07-20 13:00:30 0 [ERROR] InnoDB: Unable to lock ./ibdata1 error: 11
2021-07-20 13:00:30 0 [Note] InnoDB: Check that you do not already have another mysqld process using the same InnoDB data or log files.
2021-07-20 13:00:31 0 [ERROR] InnoDB: Unable to lock ./ibdata1 error: 11
2021-07-20 13:00:31 0 [Note] InnoDB: Check that you do not already have another mysqld process using the same InnoDB data or log files.
2021-07-20 13:00:32 0 [ERROR] InnoDB: Unable to lock ./ibdata1 error: 11
2021-07-20 13:00:32 0 [Note] InnoDB: Check that you do not already have another mysqld process using the same InnoDB data or log files.
2021-07-20 13:00:33 0 [ERROR] InnoDB: Unable to lock ./ibdata1 error: 11
2021-07-20 13:00:33 0 [Note] InnoDB: Check that you do not already have another mysqld process using the same InnoDB data or log files.
2021-07-20 13:00:34 0 [ERROR] InnoDB: Unable to lock ./ibdata1 error: 11
2021-07-20 13:00:34 0 [Note] InnoDB: Check that you do not already have another mysqld process using the same InnoDB data or log files.
2021-07-20 13:00:35 0 [ERROR] InnoDB: Unable to lock ./ibdata1 error: 11
2021-07-20 13:00:35 0 [Note] InnoDB: Check that you do not already have another mysqld process using the same InnoDB data or log files.
2021-07-20 13:00:36 0 [ERROR] InnoDB: Unable to lock ./ibdata1 error: 11
2021-07-20 13:00:36 0 [Note] InnoDB: Check that you do not already have another mysqld process using the same InnoDB data or log files.
2021-07-20 13:00:37 0 [ERROR] InnoDB: Unable to lock ./ibdata1 error: 11
2021-07-20 13:00:37 0 [Note] InnoDB: Check that you do not already have another mysqld process using the same InnoDB data or log files.
2021-07-20 13:00:38 0 [ERROR] InnoDB: Unable to lock ./ibdata1 error: 11
2021-07-20 13:00:38 0 [Note] InnoDB: Check that you do not already have another mysqld process using the same InnoDB data or log files.
2021-07-20 13:00:39 0 [ERROR] InnoDB: Unable to lock ./ibdata1 error: 11
2021-07-20 13:00:39 0 [Note] InnoDB: Check that you do not already have another mysqld process using the same InnoDB data or log files.
2021-07-20 13:00:40 0 [ERROR] InnoDB: Unable to lock ./ibdata1 error: 11
2021-07-20 13:00:40 0 [Note] InnoDB: Check that you do not already have another mysqld process using the same InnoDB data or log files.
2021-07-20 13:00:41 0 [ERROR] InnoDB: Unable to lock ./ibdata1 error: 11
2021-07-20 13:00:41 0 [Note] InnoDB: Check that you do not already have another mysqld process using the same InnoDB data or log files.
2021-07-20 13:00:42 0 [ERROR] InnoDB: Unable to lock ./ibdata1 error: 11
2021-07-20 13:00:42 0 [Note] InnoDB: Check that you do not already have another mysqld process using the same InnoDB data or log files.
2021-07-20 13:00:43 0 [ERROR] InnoDB: Unable to lock ./ibdata1 error: 11
2021-07-20 13:00:43 0 [Note] InnoDB: Check that you do not already have another mysqld process using the same InnoDB data or log files.
2021-07-20 13:00:44 0 [ERROR] InnoDB: Unable to lock ./ibdata1 error: 11
2021-07-20 13:00:44 0 [Note] InnoDB: Check that you do not already have another mysqld process using the same InnoDB data or log files.
2021-07-20 13:00:45 0 [ERROR] InnoDB: Unable to lock ./ibdata1 error: 11
2021-07-20 13:00:45 0 [Note] InnoDB: Check that you do not already have another mysqld process using the same InnoDB data or log files.
2021-07-20 13:00:46 0 [ERROR] InnoDB: Unable to lock ./ibdata1 error: 11
2021-07-20 13:00:46 0 [Note] InnoDB: Check that you do not already have another mysqld process using the same InnoDB data or log files.
2021-07-20 13:00:47 0 [ERROR] InnoDB: Unable to lock ./ibdata1 error: 11
2021-07-20 13:00:47 0 [Note] InnoDB: Check that you do not already have another mysqld process using the same InnoDB data or log files.
2021-07-20 13:00:48 0 [ERROR] InnoDB: Unable to lock ./ibdata1 error: 11
2021-07-20 13:00:48 0 [Note] InnoDB: Check that you do not already have another mysqld process using the same InnoDB data or log files.
2021-07-20 13:00:49 0 [ERROR] InnoDB: Unable to lock ./ibdata1 error: 11
2021-07-20 13:00:49 0 [Note] InnoDB: Check that you do not already have another mysqld process using the same InnoDB data or log files.
2021-07-20 13:00:50 0 [ERROR] InnoDB: Unable to lock ./ibdata1 error: 11
2021-07-20 13:00:50 0 [Note] InnoDB: Check that you do not already have another mysqld process using the same InnoDB data or log files.
2021-07-20 13:00:51 0 [ERROR] InnoDB: Unable to lock ./ibdata1 error: 11
2021-07-20 13:00:51 0 [Note] InnoDB: Check that you do not already have another mysqld process using the same InnoDB data or log files.
2021-07-20 13:00:52 0 [ERROR] InnoDB: Unable to lock ./ibdata1 error: 11
2021-07-20 13:00:52 0 [Note] InnoDB: Check that you do not already have another mysqld process using the same InnoDB data or log files.
2021-07-20 13:00:53 0 [ERROR] InnoDB: Unable to lock ./ibdata1 error: 11
2021-07-20 13:00:53 0 [Note] InnoDB: Check that you do not already have another mysqld process using the same InnoDB data or log files.
2021-07-20 13:00:54 0 [ERROR] InnoDB: Unable to lock ./ibdata1 error: 11
2021-07-20 13:00:54 0 [Note] InnoDB: Check that you do not already have another mysqld process using the same InnoDB data or log files.
2021-07-20 13:00:55 0 [ERROR] InnoDB: Unable to lock ./ibdata1 error: 11
2021-07-20 13:00:55 0 [Note] InnoDB: Check that you do not already have another mysqld process using the same InnoDB data or log files.
2021-07-20 13:00:56 0 [ERROR] InnoDB: Unable to lock ./ibdata1 error: 11
2021-07-20 13:00:56 0 [Note] InnoDB: Check that you do not already have another mysqld process using the same InnoDB data or log files.
2021-07-20 13:00:57 0 [ERROR] InnoDB: Unable to lock ./ibdata1 error: 11
2021-07-20 13:00:57 0 [Note] InnoDB: Check that you do not already have another mysqld process using the same InnoDB data or log files.
2021-07-20 13:00:58 0 [ERROR] InnoDB: Unable to lock ./ibdata1 error: 11
2021-07-20 13:00:58 0 [Note] InnoDB: Check that you do not already have another mysqld process using the same InnoDB data or log files.
2021-07-20 13:00:59 0 [ERROR] InnoDB: Unable to lock ./ibdata1 error: 11
2021-07-20 13:00:59 0 [Note] InnoDB: Check that you do not already have another mysqld process using the same InnoDB data or log files.
2021-07-20 13:01:00 0 [ERROR] InnoDB: Unable to lock ./ibdata1 error: 11
2021-07-20 13:01:00 0 [Note] InnoDB: Check that you do not already have another mysqld process using the same InnoDB data or log files.
2021-07-20 13:01:01 0 [ERROR] InnoDB: Unable to lock ./ibdata1 error: 11
2021-07-20 13:01:01 0 [Note] InnoDB: Check that you do not already have another mysqld process using the same InnoDB data or log files.
2021-07-20 13:01:02 0 [ERROR] InnoDB: Unable to lock ./ibdata1 error: 11
2021-07-20 13:01:02 0 [Note] InnoDB: Check that you do not already have another mysqld process using the same InnoDB data or log files.
2021-07-20 13:01:03 0 [ERROR] InnoDB: Unable to lock ./ibdata1 error: 11
2021-07-20 13:01:03 0 [Note] InnoDB: Check that you do not already have another mysqld process using the same InnoDB data or log files.
2021-07-20 13:01:04 0 [ERROR] InnoDB: Unable to lock ./ibdata1 error: 11
2021-07-20 13:01:04 0 [Note] InnoDB: Check that you do not already have another mysqld process using the same InnoDB data or log files.
2021-07-20 13:01:05 0 [ERROR] InnoDB: Unable to lock ./ibdata1 error: 11
2021-07-20 13:01:05 0 [Note] InnoDB: Check that you do not already have another mysqld process using the same InnoDB data or log files.
2021-07-20 13:01:06 0 [ERROR] InnoDB: Unable to lock ./ibdata1 error: 11
2021-07-20 13:01:06 0 [Note] InnoDB: Check that you do not already have another mysqld process using the same InnoDB data or log files.
2021-07-20 13:01:07 0 [ERROR] InnoDB: Unable to lock ./ibdata1 error: 11
2021-07-20 13:01:07 0 [Note] InnoDB: Check that you do not already have another mysqld process using the same InnoDB data or log files.
2021-07-20 13:01:08 0 [ERROR] InnoDB: Unable to lock ./ibdata1 error: 11
2021-07-20 13:01:08 0 [Note] InnoDB: Check that you do not already have another mysqld process using the same InnoDB data or log files.
2021-07-20 13:01:09 0 [ERROR] InnoDB: Unable to lock ./ibdata1 error: 11
2021-07-20 13:01:09 0 [Note] InnoDB: Check that you do not already have another mysqld process using the same InnoDB data or log files.
2021-07-20 13:01:10 0 [ERROR] InnoDB: Unable to lock ./ibdata1 error: 11
2021-07-20 13:01:10 0 [Note] InnoDB: Check that you do not already have another mysqld process using the same InnoDB data or log files.
2021-07-20 13:01:11 0 [ERROR] InnoDB: Unable to lock ./ibdata1 error: 11
2021-07-20 13:01:11 0 [Note] InnoDB: Check that you do not already have another mysqld process using the same InnoDB data or log files.
2021-07-20 13:01:12 0 [ERROR] InnoDB: Unable to lock ./ibdata1 error: 11
2021-07-20 13:01:12 0 [Note] InnoDB: Check that you do not already have another mysqld process using the same InnoDB data or log files.
2021-07-20 13:01:13 0 [ERROR] InnoDB: Unable to lock ./ibdata1 error: 11
2021-07-20 13:01:13 0 [Note] InnoDB: Check that you do not already have another mysqld process using the same InnoDB data or log files.
2021-07-20 13:01:14 0 [ERROR] InnoDB: Unable to lock ./ibdata1 error: 11
2021-07-20 13:01:14 0 [Note] InnoDB: Check that you do not already have another mysqld process using the same InnoDB data or log files.
2021-07-20 13:01:15 0 [ERROR] InnoDB: Unable to lock ./ibdata1 error: 11
2021-07-20 13:01:15 0 [Note] InnoDB: Check that you do not already have another mysqld process using the same InnoDB data or log files.
2021-07-20 13:01:16 0 [ERROR] InnoDB: Unable to lock ./ibdata1 error: 11
2021-07-20 13:01:16 0 [Note] InnoDB: Check that you do not already have another mysqld process using the same InnoDB data or log files.
2021-07-20 13:01:17 0 [ERROR] InnoDB: Unable to lock ./ibdata1 error: 11
2021-07-20 13:01:17 0 [Note] InnoDB: Check that you do not already have another mysqld process using the same InnoDB data or log files.
2021-07-20 13:01:18 0 [ERROR] InnoDB: Unable to lock ./ibdata1 error: 11
2021-07-20 13:01:18 0 [Note] InnoDB: Check that you do not already have another mysqld process using the same InnoDB data or log files.
2021-07-20 13:01:19 0 [ERROR] InnoDB: Unable to lock ./ibdata1 error: 11
2021-07-20 13:01:19 0 [Note] InnoDB: Check that you do not already have another mysqld process using the same InnoDB data or log files.
2021-07-20 13:01:20 0 [ERROR] InnoDB: Unable to lock ./ibdata1 error: 11
2021-07-20 13:01:20 0 [Note] InnoDB: Check that you do not already have another mysqld process using the same InnoDB data or log files.
2021-07-20 13:01:21 0 [ERROR] InnoDB: Unable to lock ./ibdata1 error: 11
2021-07-20 13:01:21 0 [Note] InnoDB: Check that you do not already have another mysqld process using the same InnoDB data or log files.
2021-07-20 13:01:22 0 [ERROR] InnoDB: Unable to lock ./ibdata1 error: 11
2021-07-20 13:01:22 0 [Note] InnoDB: Check that you do not already have another mysqld process using the same InnoDB data or log files.
2021-07-20 13:01:23 0 [ERROR] InnoDB: Unable to lock ./ibdata1 error: 11
2021-07-20 13:01:23 0 [Note] InnoDB: Check that you do not already have another mysqld process using the same InnoDB data or log files.
2021-07-20 13:01:24 0 [ERROR] InnoDB: Unable to lock ./ibdata1 error: 11
2021-07-20 13:01:24 0 [Note] InnoDB: Check that you do not already have another mysqld process using the same InnoDB data or log files.
2021-07-20 13:01:25 0 [ERROR] InnoDB: Unable to lock ./ibdata1 error: 11
2021-07-20 13:01:25 0 [Note] InnoDB: Check that you do not already have another mysqld process using the same InnoDB data or log files.
2021-07-20 13:01:26 0 [ERROR] InnoDB: Unable to lock ./ibdata1 error: 11
2021-07-20 13:01:26 0 [Note] InnoDB: Check that you do not already have another mysqld process using the same InnoDB data or log files.
2021-07-20 13:01:27 0 [ERROR] InnoDB: Unable to lock ./ibdata1 error: 11
2021-07-20 13:01:27 0 [Note] InnoDB: Check that you do not already have another mysqld process using the same InnoDB data or log files.
2021-07-20 13:01:28 0 [ERROR] InnoDB: Unable to lock ./ibdata1 error: 11
2021-07-20 13:01:28 0 [Note] InnoDB: Check that you do not already have another mysqld process using the same InnoDB data or log files.
2021-07-20 13:01:29 0 [ERROR] InnoDB: Unable to lock ./ibdata1 error: 11
2021-07-20 13:01:29 0 [Note] InnoDB: Check that you do not already have another mysqld process using the same InnoDB data or log files.
2021-07-20 13:01:30 0 [ERROR] InnoDB: Unable to lock ./ibdata1 error: 11
2021-07-20 13:01:30 0 [Note] InnoDB: Check that you do not already have another mysqld process using the same InnoDB data or log files.
2021-07-20 13:01:31 0 [ERROR] InnoDB: Unable to lock ./ibdata1 error: 11
2021-07-20 13:01:31 0 [Note] InnoDB: Check that you do not already have another mysqld process using the same InnoDB data or log files.
2021-07-20 13:01:32 0 [ERROR] InnoDB: Unable to lock ./ibdata1 error: 11
2021-07-20 13:01:32 0 [Note] InnoDB: Check that you do not already have another mysqld process using the same InnoDB data or log files.
2021-07-20 13:01:33 0 [ERROR] InnoDB: Unable to lock ./ibdata1 error: 11
2021-07-20 13:01:33 0 [Note] InnoDB: Check that you do not already have another mysqld process using the same InnoDB data or log files.
2021-07-20 13:01:34 0 [ERROR] InnoDB: Unable to lock ./ibdata1 error: 11
2021-07-20 13:01:34 0 [Note] InnoDB: Check that you do not already have another mysqld process using the same InnoDB data or log files.
2021-07-20 13:01:35 0 [ERROR] InnoDB: Unable to lock ./ibdata1 error: 11
2021-07-20 13:01:35 0 [Note] InnoDB: Check that you do not already have another mysqld process using the same InnoDB data or log files.
2021-07-20 13:01:36 0 [ERROR] InnoDB: Unable to lock ./ibdata1 error: 11
2021-07-20 13:01:36 0 [Note] InnoDB: Check that you do not already have another mysqld process using the same InnoDB data or log files.
2021-07-20 13:01:37 0 [ERROR] InnoDB: Unable to lock ./ibdata1 error: 11
2021-07-20 13:01:37 0 [Note] InnoDB: Check that you do not already have another mysqld process using the same InnoDB data or log files.
2021-07-20 13:01:38 0 [ERROR] InnoDB: Unable to lock ./ibdata1 error: 11
2021-07-20 13:01:38 0 [Note] InnoDB: Check that you do not already have another mysqld process using the same InnoDB data or log files.
2021-07-20 13:01:39 0 [ERROR] InnoDB: Unable to lock ./ibdata1 error: 11
2021-07-20 13:01:39 0 [Note] InnoDB: Check that you do not already have another mysqld process using the same InnoDB data or log files.
2021-07-20 13:01:40 0 [ERROR] InnoDB: Unable to lock ./ibdata1 error: 11
2021-07-20 13:01:40 0 [Note] InnoDB: Check that you do not already have another mysqld process using the same InnoDB data or log files.
2021-07-20 13:01:41 0 [ERROR] InnoDB: Unable to lock ./ibdata1 error: 11
2021-07-20 13:01:41 0 [Note] InnoDB: Check that you do not already have another mysqld process using the same InnoDB data or log files.
2021-07-20 13:01:42 0 [ERROR] InnoDB: Unable to lock ./ibdata1 error: 11
2021-07-20 13:01:42 0 [Note] InnoDB: Check that you do not already have another mysqld process using the same InnoDB data or log files.
2021-07-20 13:01:43 0 [ERROR] InnoDB: Unable to lock ./ibdata1 error: 11
2021-07-20 13:01:43 0 [Note] InnoDB: Check that you do not already have another mysqld process using the same InnoDB data or log files.
2021-07-20 13:01:44 0 [ERROR] InnoDB: Unable to lock ./ibdata1 error: 11
2021-07-20 13:01:44 0 [Note] InnoDB: Check that you do not already have another mysqld process using the same InnoDB data or log files.
2021-07-20 13:01:45 0 [ERROR] InnoDB: Unable to lock ./ibdata1 error: 11
2021-07-20 13:01:45 0 [Note] InnoDB: Check that you do not already have another mysqld process using the same InnoDB data or log files.
2021-07-20 13:01:46 0 [ERROR] InnoDB: Unable to lock ./ibdata1 error: 11
2021-07-20 13:01:46 0 [Note] InnoDB: Check that you do not already have another mysqld process using the same InnoDB data or log files.
