210720 13:02:15 mysqld_safe Starting mysqld daemon with databases from /var/lib/mysql
2021-07-20 13:02:15 0 [Note] /usr/sbin/mysqld (mysqld 10.3.29-MariaDB-0+deb10u1-log) starting as process 122 ...
2021-07-20 13:02:15 0 [Warning] Setting lower_case_table_names=2 because file system for /var/lib/mysql/ is case insensitive
2021-07-20 13:02:15 0 [Note] InnoDB: Using Linux native AIO
2021-07-20 13:02:15 0 [Note] InnoDB: Mutexes and rw_locks use GCC atomic builtins
2021-07-20 13:02:15 0 [Note] InnoDB: Uses event mutexes
2021-07-20 13:02:15 0 [Note] InnoDB: Compressed tables use zlib 1.2.11
2021-07-20 13:02:15 0 [Note] InnoDB: Number of pools: 1
2021-07-20 13:02:15 0 [Note] InnoDB: Using SSE2 crc32 instructions
2021-07-20 13:02:15 0 [Note] InnoDB: Initializing buffer pool, total size = 128M, instances = 1, chunk size = 128M
2021-07-20 13:02:15 0 [Note] InnoDB: Completed initialization of buffer pool
2021-07-20 13:02:15 0 [Note] InnoDB: If the mysqld execution user is authorized, page cleaner thread priority can be changed. See the man page of setpriority().
2021-07-20 13:02:15 0 [Note] InnoDB: Starting crash recovery from checkpoint LSN=1626168
2021-07-20 13:02:15 0 [Note] InnoDB: 128 out of 128 rollback segments are active.
2021-07-20 13:02:15 0 [Note] InnoDB: Removed temporary tablespace data file: "ibtmp1"
2021-07-20 13:02:15 0 [Note] InnoDB: Creating shared tablespace for temporary tables
2021-07-20 13:02:15 0 [Note] InnoDB: Setting file './ibtmp1' size to 12 MB. Physically writing the file full; Please wait ...
2021-07-20 13:02:15 0 [Note] InnoDB: File './ibtmp1' size is now 12 MB.
2021-07-20 13:02:15 0 [Note] InnoDB: 10.3.29 started; log sequence number 1626177; transaction id 20
2021-07-20 13:02:15 0 [Note] InnoDB: Loading buffer pool(s) from /var/lib/mysql/ib_buffer_pool
2021-07-20 13:02:15 0 [Note] Plugin 'FEEDBACK' is disabled.
2021-07-20 13:02:15 0 [Note] Recovering after a crash using tc.log
2021-07-20 13:02:15 0 [Note] Starting crash recovery...
2021-07-20 13:02:15 0 [Note] Crash recovery finished.
2021-07-20 13:02:15 0 [Note] InnoDB: Buffer pool(s) load completed at 210720 13:02:15
2021-07-20 13:02:15 0 [Note] Server socket created on IP: '0.0.0.0'.
2021-07-20 13:02:16 0 [Note] Reading of all Master_info entries succeeded
2021-07-20 13:02:16 0 [Note] Added new Master_info '' to hash table
2021-07-20 13:02:16 0 [Note] /usr/sbin/mysqld: ready for connections.
Version: '10.3.29-MariaDB-0+deb10u1-log'  socket: '/var/run/mysqld/mysqld.sock'  port: 3306  Debian 10
2021-07-20 13:02:16 8 [Warning] Access denied for user 'root'@'localhost' (using password: NO)
2021-07-20 13:02:16 9 [Warning] Access denied for user 'root'@'localhost' (using password: NO)
2021-07-20 13:02:16 10 [Warning] Access denied for user 'root'@'localhost' (using password: NO)
2021-07-20 13:02:16 11 [Warning] Access denied for user 'root'@'localhost' (using password: NO)
2021-07-20 13:02:16 12 [Warning] Access denied for user 'root'@'localhost' (using password: NO)
2021-07-20 13:02:22 13 [Warning] Access denied for user 'root'@'localhost' (using password: NO)
2021-07-20 13:02:22 14 [Warning] Access denied for user 'root'@'localhost' (using password: NO)
2021-07-20 13:02:22 15 [Warning] Access denied for user 'root'@'localhost' (using password: NO)
2021-07-20 13:02:22 16 [Warning] Access denied for user 'root'@'localhost' (using password: NO)
2021-07-20 13:02:22 17 [Warning] Access denied for user 'root'@'localhost' (using password: NO)
2021-07-20 13:02:22 18 [Warning] Access denied for user 'root'@'localhost' (using password: NO)
210720 13:02:22 mysqld_safe Starting mysqld daemon with databases from /var/lib/mysql
2021-07-20 13:02:22 0 [Note] /usr/sbin/mysqld (mysqld 10.3.29-MariaDB-0+deb10u1-log) starting as process 309 ...
2021-07-20 13:02:22 0 [Warning] Setting lower_case_table_names=2 because file system for /var/lib/mysql/ is case insensitive
2021-07-20 13:02:22 0 [ERROR] mysqld: Can't lock aria control file '/var/lib/mysql/aria_log_control' for exclusive use, error: 11. Will retry for 30 seconds
2021-07-20 13:02:53 0 [ERROR] mysqld: Got error 'Could not get an exclusive lock; file is probably in use by another process' when trying to use aria control file '/var/lib/mysql/aria_log_control'
2021-07-20 13:02:53 0 [ERROR] Plugin 'Aria' init function returned error.
2021-07-20 13:02:53 0 [ERROR] Plugin 'Aria' registration as a STORAGE ENGINE failed.
2021-07-20 13:02:53 0 [Note] InnoDB: Using Linux native AIO
2021-07-20 13:02:53 0 [Note] InnoDB: Mutexes and rw_locks use GCC atomic builtins
2021-07-20 13:02:53 0 [Note] InnoDB: Uses event mutexes
2021-07-20 13:02:53 0 [Note] InnoDB: Compressed tables use zlib 1.2.11
2021-07-20 13:02:53 0 [Note] InnoDB: Number of pools: 1
2021-07-20 13:02:53 0 [Note] InnoDB: Using SSE2 crc32 instructions
2021-07-20 13:02:53 0 [Note] InnoDB: Initializing buffer pool, total size = 128M, instances = 1, chunk size = 128M
2021-07-20 13:02:53 0 [Note] InnoDB: Completed initialization of buffer pool
2021-07-20 13:02:53 0 [Note] InnoDB: If the mysqld execution user is authorized, page cleaner thread priority can be changed. See the man page of setpriority().
2021-07-20 13:02:53 0 [ERROR] InnoDB: Unable to lock ./ibdata1 error: 11
2021-07-20 13:02:53 0 [Note] InnoDB: Check that you do not already have another mysqld process using the same InnoDB data or log files.
2021-07-20 13:02:53 0 [Note] InnoDB: Retrying to lock the first data file
2021-07-20 13:02:54 0 [ERROR] InnoDB: Unable to lock ./ibdata1 error: 11
2021-07-20 13:02:54 0 [Note] InnoDB: Check that you do not already have another mysqld process using the same InnoDB data or log files.
2021-07-20 13:02:55 0 [ERROR] InnoDB: Unable to lock ./ibdata1 error: 11
2021-07-20 13:02:55 0 [Note] InnoDB: Check that you do not already have another mysqld process using the same InnoDB data or log files.
2021-07-20 13:02:56 0 [ERROR] InnoDB: Unable to lock ./ibdata1 error: 11
2021-07-20 13:02:56 0 [Note] InnoDB: Check that you do not already have another mysqld process using the same InnoDB data or log files.
2021-07-20 13:02:57 0 [ERROR] InnoDB: Unable to lock ./ibdata1 error: 11
2021-07-20 13:02:57 0 [Note] InnoDB: Check that you do not already have another mysqld process using the same InnoDB data or log files.
2021-07-20 13:02:58 0 [ERROR] InnoDB: Unable to lock ./ibdata1 error: 11
2021-07-20 13:02:58 0 [Note] InnoDB: Check that you do not already have another mysqld process using the same InnoDB data or log files.
2021-07-20 13:02:59 0 [ERROR] InnoDB: Unable to lock ./ibdata1 error: 11
2021-07-20 13:02:59 0 [Note] InnoDB: Check that you do not already have another mysqld process using the same InnoDB data or log files.
2021-07-20 13:03:00 0 [ERROR] InnoDB: Unable to lock ./ibdata1 error: 11
2021-07-20 13:03:00 0 [Note] InnoDB: Check that you do not already have another mysqld process using the same InnoDB data or log files.
2021-07-20 13:03:01 0 [ERROR] InnoDB: Unable to lock ./ibdata1 error: 11
2021-07-20 13:03:01 0 [Note] InnoDB: Check that you do not already have another mysqld process using the same InnoDB data or log files.
2021-07-20 13:03:02 0 [ERROR] InnoDB: Unable to lock ./ibdata1 error: 11
2021-07-20 13:03:02 0 [Note] InnoDB: Check that you do not already have another mysqld process using the same InnoDB data or log files.
2021-07-20 13:03:03 0 [ERROR] InnoDB: Unable to lock ./ibdata1 error: 11
2021-07-20 13:03:03 0 [Note] InnoDB: Check that you do not already have another mysqld process using the same InnoDB data or log files.
2021-07-20 13:03:04 0 [ERROR] InnoDB: Unable to lock ./ibdata1 error: 11
2021-07-20 13:03:04 0 [Note] InnoDB: Check that you do not already have another mysqld process using the same InnoDB data or log files.
2021-07-20 13:03:05 0 [ERROR] InnoDB: Unable to lock ./ibdata1 error: 11
2021-07-20 13:03:05 0 [Note] InnoDB: Check that you do not already have another mysqld process using the same InnoDB data or log files.
2021-07-20 13:03:06 0 [ERROR] InnoDB: Unable to lock ./ibdata1 error: 11
2021-07-20 13:03:06 0 [Note] InnoDB: Check that you do not already have another mysqld process using the same InnoDB data or log files.
2021-07-20 13:03:07 0 [ERROR] InnoDB: Unable to lock ./ibdata1 error: 11
2021-07-20 13:03:07 0 [Note] InnoDB: Check that you do not already have another mysqld process using the same InnoDB data or log files.
2021-07-20 13:03:08 0 [ERROR] InnoDB: Unable to lock ./ibdata1 error: 11
2021-07-20 13:03:08 0 [Note] InnoDB: Check that you do not already have another mysqld process using the same InnoDB data or log files.
2021-07-20 13:03:09 0 [ERROR] InnoDB: Unable to lock ./ibdata1 error: 11
2021-07-20 13:03:09 0 [Note] InnoDB: Check that you do not already have another mysqld process using the same InnoDB data or log files.
2021-07-20 13:03:10 0 [ERROR] InnoDB: Unable to lock ./ibdata1 error: 11
2021-07-20 13:03:10 0 [Note] InnoDB: Check that you do not already have another mysqld process using the same InnoDB data or log files.
2021-07-20 13:03:11 0 [ERROR] InnoDB: Unable to lock ./ibdata1 error: 11
2021-07-20 13:03:11 0 [Note] InnoDB: Check that you do not already have another mysqld process using the same InnoDB data or log files.
2021-07-20 13:03:12 0 [ERROR] InnoDB: Unable to lock ./ibdata1 error: 11
2021-07-20 13:03:12 0 [Note] InnoDB: Check that you do not already have another mysqld process using the same InnoDB data or log files.
2021-07-20 13:03:13 0 [ERROR] InnoDB: Unable to lock ./ibdata1 error: 11
2021-07-20 13:03:13 0 [Note] InnoDB: Check that you do not already have another mysqld process using the same InnoDB data or log files.
2021-07-20 13:03:14 0 [ERROR] InnoDB: Unable to lock ./ibdata1 error: 11
2021-07-20 13:03:14 0 [Note] InnoDB: Check that you do not already have another mysqld process using the same InnoDB data or log files.
2021-07-20 13:03:15 0 [ERROR] InnoDB: Unable to lock ./ibdata1 error: 11
2021-07-20 13:03:15 0 [Note] InnoDB: Check that you do not already have another mysqld process using the same InnoDB data or log files.
2021-07-20 13:03:16 0 [ERROR] InnoDB: Unable to lock ./ibdata1 error: 11
2021-07-20 13:03:16 0 [Note] InnoDB: Check that you do not already have another mysqld process using the same InnoDB data or log files.
2021-07-20 13:03:17 0 [ERROR] InnoDB: Unable to lock ./ibdata1 error: 11
2021-07-20 13:03:17 0 [Note] InnoDB: Check that you do not already have another mysqld process using the same InnoDB data or log files.
2021-07-20 13:03:18 0 [ERROR] InnoDB: Unable to lock ./ibdata1 error: 11
2021-07-20 13:03:18 0 [Note] InnoDB: Check that you do not already have another mysqld process using the same InnoDB data or log files.
2021-07-20 13:03:19 0 [ERROR] InnoDB: Unable to lock ./ibdata1 error: 11
2021-07-20 13:03:19 0 [Note] InnoDB: Check that you do not already have another mysqld process using the same InnoDB data or log files.
2021-07-20 13:03:20 0 [ERROR] InnoDB: Unable to lock ./ibdata1 error: 11
2021-07-20 13:03:20 0 [Note] InnoDB: Check that you do not already have another mysqld process using the same InnoDB data or log files.
2021-07-20 13:03:21 0 [ERROR] InnoDB: Unable to lock ./ibdata1 error: 11
2021-07-20 13:03:21 0 [Note] InnoDB: Check that you do not already have another mysqld process using the same InnoDB data or log files.
2021-07-20 13:03:22 0 [ERROR] InnoDB: Unable to lock ./ibdata1 error: 11
2021-07-20 13:03:22 0 [Note] InnoDB: Check that you do not already have another mysqld process using the same InnoDB data or log files.
2021-07-20 13:03:23 0 [ERROR] InnoDB: Unable to lock ./ibdata1 error: 11
2021-07-20 13:03:23 0 [Note] InnoDB: Check that you do not already have another mysqld process using the same InnoDB data or log files.
2021-07-20 13:03:24 0 [ERROR] InnoDB: Unable to lock ./ibdata1 error: 11
2021-07-20 13:03:24 0 [Note] InnoDB: Check that you do not already have another mysqld process using the same InnoDB data or log files.
2021-07-20 13:03:25 0 [ERROR] InnoDB: Unable to lock ./ibdata1 error: 11
2021-07-20 13:03:25 0 [Note] InnoDB: Check that you do not already have another mysqld process using the same InnoDB data or log files.
2021-07-20 13:03:26 0 [ERROR] InnoDB: Unable to lock ./ibdata1 error: 11
2021-07-20 13:03:26 0 [Note] InnoDB: Check that you do not already have another mysqld process using the same InnoDB data or log files.
2021-07-20 13:03:27 0 [ERROR] InnoDB: Unable to lock ./ibdata1 error: 11
2021-07-20 13:03:27 0 [Note] InnoDB: Check that you do not already have another mysqld process using the same InnoDB data or log files.
2021-07-20 13:03:28 0 [ERROR] InnoDB: Unable to lock ./ibdata1 error: 11
2021-07-20 13:03:28 0 [Note] InnoDB: Check that you do not already have another mysqld process using the same InnoDB data or log files.
2021-07-20 13:03:29 0 [ERROR] InnoDB: Unable to lock ./ibdata1 error: 11
2021-07-20 13:03:29 0 [Note] InnoDB: Check that you do not already have another mysqld process using the same InnoDB data or log files.
2021-07-20 13:03:30 0 [ERROR] InnoDB: Unable to lock ./ibdata1 error: 11
2021-07-20 13:03:30 0 [Note] InnoDB: Check that you do not already have another mysqld process using the same InnoDB data or log files.
2021-07-20 13:03:31 0 [ERROR] InnoDB: Unable to lock ./ibdata1 error: 11
2021-07-20 13:03:31 0 [Note] InnoDB: Check that you do not already have another mysqld process using the same InnoDB data or log files.
2021-07-20 13:03:32 0 [ERROR] InnoDB: Unable to lock ./ibdata1 error: 11
2021-07-20 13:03:32 0 [Note] InnoDB: Check that you do not already have another mysqld process using the same InnoDB data or log files.
2021-07-20 13:03:33 0 [ERROR] InnoDB: Unable to lock ./ibdata1 error: 11
2021-07-20 13:03:33 0 [Note] InnoDB: Check that you do not already have another mysqld process using the same InnoDB data or log files.
